<?xml version="1.0" encoding="UTF-8"?>
<coverage generated="1773470553149" clover="3.2.0">
  <project timestamp="1773470553149" name="All files">
    <metrics statements="445" coveredstatements="415" conditionals="274" coveredconditionals="232" methods="85" coveredmethods="70" elements="804" coveredelements="717" complexity="0" loc="445" ncloc="445" packages="5" files="22" classes="22"/>
    <package name="app.lib">
      <metrics statements="19" coveredstatements="19" conditionals="14" coveredconditionals="14" methods="3" coveredmethods="3"/>
      <file name="billing.js" path="/Volumes/AI-Models/tokenshrink/app/lib/billing.js">
        <metrics statements="6" coveredstatements="6" conditionals="2" coveredconditionals="2" methods="2" coveredmethods="2"/>
        <line num="17" count="6" type="stmt"/>
        <line num="46" count="6" type="stmt"/>
        <line num="47" count="6" type="stmt"/>
        <line num="50" count="2" type="cond" truecount="2" falsecount="0"/>
        <line num="54" count="1" type="stmt"/>
        <line num="55" count="1" type="stmt"/>
      </file>
      <file name="validate.js" path="/Volumes/AI-Models/tokenshrink/app/lib/validate.js">
        <metrics statements="13" coveredstatements="13" conditionals="12" coveredconditionals="12" methods="1" coveredmethods="1"/>
        <line num="4" count="27" type="cond" truecount="4" falsecount="0"/>
        <line num="5" count="8" type="stmt"/>
        <line num="8" count="19" type="stmt"/>
        <line num="9" count="19" type="cond" truecount="2" falsecount="0"/>
        <line num="10" count="2" type="stmt"/>
        <line num="13" count="17" type="cond" truecount="2" falsecount="0"/>
        <line num="14" count="2" type="stmt"/>
        <line num="17" count="15" type="stmt"/>
        <line num="18" count="15" type="cond" truecount="2" falsecount="0"/>
        <line num="19" count="6" type="stmt"/>
        <line num="22" count="9" type="cond" truecount="2" falsecount="0"/>
        <line num="23" count="1" type="stmt"/>
        <line num="29" count="8" type="stmt"/>
      </file>
    </package>
    <package name="app.lib.compression">
      <metrics statements="0" coveredstatements="0" conditionals="0" coveredconditionals="0" methods="0" coveredmethods="0"/>
      <file name="dictionaries.js" path="/Volumes/AI-Models/tokenshrink/app/lib/compression/dictionaries.js">
        <metrics statements="0" coveredstatements="0" conditionals="0" coveredconditionals="0" methods="0" coveredmethods="0"/>
      </file>
      <file name="engine.js" path="/Volumes/AI-Models/tokenshrink/app/lib/compression/engine.js">
        <metrics statements="0" coveredstatements="0" conditionals="0" coveredconditionals="0" methods="0" coveredmethods="0"/>
      </file>
      <file name="rosetta.js" path="/Volumes/AI-Models/tokenshrink/app/lib/compression/rosetta.js">
        <metrics statements="0" coveredstatements="0" conditionals="0" coveredconditionals="0" methods="0" coveredmethods="0"/>
      </file>
      <file name="strategies.js" path="/Volumes/AI-Models/tokenshrink/app/lib/compression/strategies.js">
        <metrics statements="0" coveredstatements="0" conditionals="0" coveredconditionals="0" methods="0" coveredmethods="0"/>
      </file>
    </package>
    <package name="schema">
      <metrics statements="20" coveredstatements="8" conditionals="0" coveredconditionals="0" methods="12" coveredmethods="0"/>
      <file name="schema.js" path="/Volumes/AI-Models/tokenshrink/schema/schema.js">
        <metrics statements="20" coveredstatements="8" conditionals="0" coveredconditionals="0" methods="12" coveredmethods="0"/>
        <line num="1" count="1" type="stmt"/>
        <line num="2" count="1" type="stmt"/>
        <line num="4" count="1" type="stmt"/>
        <line num="5" count="0" type="stmt"/>
        <line num="16" count="1" type="stmt"/>
        <line num="17" count="0" type="stmt"/>
        <line num="18" count="0" type="stmt"/>
        <line num="25" count="0" type="stmt"/>
        <line num="29" count="1" type="stmt"/>
        <line num="30" count="0" type="stmt"/>
        <line num="31" count="0" type="stmt"/>
        <line num="41" count="0" type="stmt"/>
        <line num="45" count="1" type="stmt"/>
        <line num="46" count="0" type="stmt"/>
        <line num="47" count="0" type="stmt"/>
        <line num="56" count="1" type="stmt"/>
        <line num="57" count="0" type="stmt"/>
        <line num="58" count="0" type="stmt"/>
        <line num="64" count="0" type="stmt"/>
        <line num="68" count="1" type="stmt"/>
      </file>
    </package>
    <package name="sdk.src">
      <metrics statements="359" coveredstatements="344" conditionals="230" coveredconditionals="190" methods="62" coveredmethods="59"/>
      <file name="codebook-store.js" path="/Volumes/AI-Models/tokenshrink/sdk/src/codebook-store.js">
        <metrics statements="99" coveredstatements="91" conditionals="59" coveredconditionals="43" methods="18" coveredmethods="18"/>
        <line num="10" count="2" type="stmt"/>
        <line num="11" count="2" type="stmt"/>
        <line num="17" count="14" type="stmt"/>
        <line num="18" count="14" type="cond" truecount="1" falsecount="1"/>
        <line num="19" count="0" type="stmt"/>
        <line num="28" count="41" type="stmt"/>
        <line num="35" count="41" type="stmt"/>
        <line num="46" count="12" type="stmt"/>
        <line num="47" count="12" type="stmt"/>
        <line num="48" count="12" type="cond" truecount="2" falsecount="0"/>
        <line num="49" count="8" type="stmt"/>
        <line num="50" count="8" type="stmt"/>
        <line num="51" count="8" type="cond" truecount="1" falsecount="1"/>
        <line num="53" count="0" type="stmt"/>
        <line num="62" count="15" type="stmt"/>
        <line num="63" count="15" type="stmt"/>
        <line num="64" count="15" type="cond" truecount="2" falsecount="0"/>
        <line num="65" count="9" type="stmt"/>
        <line num="72" count="6" type="stmt"/>
        <line num="73" count="6" type="stmt"/>
        <line num="74" count="6" type="stmt"/>
        <line num="81" count="0" type="stmt"/>
        <line num="94" count="14" type="stmt"/>
        <line num="95" count="14" type="stmt"/>
        <line num="96" count="14" type="stmt"/>
        <line num="97" count="14" type="stmt"/>
        <line num="98" count="14" type="stmt"/>
        <line num="106" count="23" type="stmt"/>
        <line num="107" count="23" type="stmt"/>
        <line num="108" count="23" type="stmt"/>
        <line num="109" count="23" type="stmt"/>
        <line num="110" count="23" type="stmt"/>
        <line num="123" count="16" type="cond" truecount="5" falsecount="0"/>
        <line num="125" count="13" type="stmt"/>
        <line num="126" count="13" type="stmt"/>
        <line num="127" count="13" type="stmt"/>
        <line num="130" count="13" type="stmt"/>
        <line num="132" count="13" type="stmt"/>
        <line num="133" count="19" type="cond" truecount="3" falsecount="1"/>
        <line num="134" count="19" type="cond" truecount="3" falsecount="1"/>
        <line num="136" count="19" type="cond" truecount="2" falsecount="0"/>
        <line num="138" count="4" type="stmt"/>
        <line num="139" count="4" type="stmt"/>
        <line num="146" count="4" type="stmt"/>
        <line num="149" count="15" type="stmt"/>
        <line num="158" count="15" type="stmt"/>
        <line num="162" count="13" type="stmt"/>
        <line num="169" count="13" type="stmt"/>
        <line num="182" count="3" type="stmt"/>
        <line num="183" count="3" type="stmt"/>
        <line num="184" count="3" type="stmt"/>
        <line num="185" count="5" type="stmt"/>
        <line num="186" count="3" type="stmt"/>
        <line num="188" count="0" type="stmt"/>
        <line num="200" count="2" type="stmt"/>
        <line num="201" count="2" type="stmt"/>
        <line num="202" count="2" type="stmt"/>
        <line num="203" count="1" type="stmt"/>
        <line num="204" count="1" type="stmt"/>
        <line num="205" count="1" type="stmt"/>
        <line num="208" count="0" type="stmt"/>
        <line num="220" count="2" type="stmt"/>
        <line num="221" count="2" type="stmt"/>
        <line num="222" count="2" type="stmt"/>
        <line num="224" count="3" type="cond" truecount="2" falsecount="0"/>
        <line num="226" count="2" type="cond" truecount="2" falsecount="0"/>
        <line num="228" count="1" type="stmt"/>
        <line num="234" count="1" type="stmt"/>
        <line num="235" count="1" type="stmt"/>
        <line num="237" count="0" type="stmt"/>
        <line num="252" count="3" type="cond" truecount="1" falsecount="1"/>
        <line num="253" count="3" type="stmt"/>
        <line num="255" count="3" type="stmt"/>
        <line num="256" count="3" type="cond" truecount="2" falsecount="0"/>
        <line num="258" count="2" type="stmt"/>
        <line num="259" count="2" type="cond" truecount="1" falsecount="1"/>
        <line num="261" count="3" type="stmt"/>
        <line num="262" count="2" type="cond" truecount="1" falsecount="1"/>
        <line num="266" count="2" type="stmt"/>
        <line num="268" count="2" type="stmt"/>
        <line num="269" count="3" type="stmt"/>
        <line num="270" count="3" type="stmt"/>
        <line num="271" count="3" type="stmt"/>
        <line num="272" count="3" type="cond" truecount="4" falsecount="1"/>
        <line num="274" count="3" type="cond" truecount="2" falsecount="0"/>
        <line num="275" count="2" type="stmt"/>
        <line num="278" count="3" type="stmt"/>
        <line num="279" count="3" type="cond" truecount="1" falsecount="1"/>
        <line num="280" count="0" type="stmt"/>
        <line num="281" count="0" type="cond" truecount="0" falsecount="2"/>
        <line num="283" count="3" type="cond" truecount="1" falsecount="1"/>
        <line num="286" count="3" type="stmt"/>
        <line num="291" count="2" type="stmt"/>
        <line num="292" count="2" type="stmt"/>
        <line num="293" count="2" type="stmt"/>
        <line num="294" count="2" type="stmt"/>
        <line num="298" count="2" type="stmt"/>
        <line num="299" count="2" type="stmt"/>
        <line num="304" count="2" type="stmt"/>
      </file>
      <file name="codebook.js" path="/Volumes/AI-Models/tokenshrink/sdk/src/codebook.js">
        <metrics statements="65" coveredstatements="59" conditionals="45" coveredconditionals="33" methods="7" coveredmethods="6"/>
        <line num="9" count="1" type="stmt"/>
        <line num="10" count="1" type="stmt"/>
        <line num="11" count="1" type="stmt"/>
        <line num="12" count="1" type="stmt"/>
        <line num="15" count="1" type="stmt"/>
        <line num="47" count="6" type="stmt"/>
        <line num="50" count="6" type="cond" truecount="1" falsecount="1"/>
        <line num="51" count="6" type="stmt"/>
        <line num="52" count="130" type="cond" truecount="2" falsecount="0"/>
        <line num="53" count="118" type="stmt"/>
        <line num="54" count="118" type="cond" truecount="2" falsecount="0"/>
        <line num="55" count="112" type="cond" truecount="2" falsecount="0"/>
        <line num="59" count="6" type="cond" truecount="2" falsecount="0"/>
        <line num="60" count="6" type="stmt"/>
        <line num="61" count="0" type="cond" truecount="0" falsecount="2"/>
        <line num="65" count="6" type="cond" truecount="2" falsecount="0"/>
        <line num="66" count="6" type="stmt"/>
        <line num="67" count="0" type="cond" truecount="0" falsecount="2"/>
        <line num="70" count="6" type="stmt"/>
        <line num="78" count="37" type="stmt"/>
        <line num="79" count="37" type="stmt"/>
        <line num="81" count="37" type="stmt"/>
        <line num="84" count="37" type="cond" truecount="1" falsecount="1"/>
        <line num="85" count="0" type="stmt"/>
        <line num="89" count="37" type="cond" truecount="1" falsecount="1"/>
        <line num="90" count="37" type="stmt"/>
        <line num="91" count="37" type="stmt"/>
        <line num="95" count="37" type="cond" truecount="1" falsecount="1"/>
        <line num="96" count="0" type="stmt"/>
        <line num="97" count="0" type="cond" truecount="0" falsecount="2"/>
        <line num="98" count="0" type="stmt"/>
        <line num="102" count="37" type="stmt"/>
        <line num="103" count="66" type="cond" truecount="5" falsecount="0"/>
        <line num="104" count="9" type="stmt"/>
        <line num="109" count="28" type="stmt"/>
        <line num="121" count="6" type="stmt"/>
        <line num="123" count="6" type="stmt"/>
        <line num="124" count="6" type="stmt"/>
        <line num="125" count="6" type="stmt"/>
        <line num="128" count="6" type="stmt"/>
        <line num="129" count="38" type="cond" truecount="2" falsecount="0"/>
        <line num="130" count="37" type="cond" truecount="1" falsecount="1"/>
        <line num="132" count="37" type="stmt"/>
        <line num="133" count="37" type="cond" truecount="2" falsecount="0"/>
        <line num="135" count="9" type="stmt"/>
        <line num="136" count="9" type="cond" truecount="1" falsecount="1"/>
        <line num="138" count="9" type="stmt"/>
        <line num="139" count="9" type="stmt"/>
        <line num="149" count="6" type="stmt"/>
        <line num="150" count="6" type="stmt"/>
        <line num="158" count="2" type="stmt"/>
        <line num="159" count="2" type="stmt"/>
        <line num="161" count="2" type="stmt"/>
        <line num="163" count="3" type="stmt"/>
        <line num="164" count="3" type="stmt"/>
        <line num="165" count="3" type="stmt"/>
        <line num="166" count="3" type="stmt"/>
        <line num="167" count="3" type="cond" truecount="2" falsecount="0"/>
        <line num="170" count="2" type="stmt"/>
        <line num="178" count="2" type="cond" truecount="2" falsecount="0"/>
        <line num="180" count="1" type="stmt"/>
        <line num="181" count="1" type="stmt"/>
        <line num="182" count="2" type="stmt"/>
        <line num="184" count="1" type="stmt"/>
        <line num="186" count="1" type="stmt"/>
      </file>
      <file name="dictionaries.js" path="/Volumes/AI-Models/tokenshrink/sdk/src/dictionaries.js">
        <metrics statements="12" coveredstatements="12" conditionals="6" coveredconditionals="5" methods="1" coveredmethods="1"/>
        <line num="10" count="11" type="stmt"/>
        <line num="21" count="11" type="stmt"/>
        <line num="45" count="11" type="stmt"/>
        <line num="201" count="11" type="stmt"/>
        <line num="212" count="11" type="stmt"/>
        <line num="225" count="11" type="stmt"/>
        <line num="236" count="11" type="stmt"/>
        <line num="245" count="11" type="stmt"/>
        <line num="255" count="107" type="cond" truecount="4" falsecount="0"/>
        <line num="256" count="2" type="stmt"/>
        <line num="258" count="105" type="stmt"/>
        <line num="259" count="105" type="cond" truecount="1" falsecount="1"/>
      </file>
      <file name="engine.js" path="/Volumes/AI-Models/tokenshrink/sdk/src/engine.js">
        <metrics statements="80" coveredstatements="80" conditionals="48" coveredconditionals="42" methods="15" coveredmethods="14"/>
        <line num="7" count="9" type="stmt"/>
        <line num="8" count="9" type="stmt"/>
        <line num="10" count="9" type="stmt"/>
        <line num="15" count="95" type="stmt"/>
        <line num="16" count="95" type="stmt"/>
        <line num="25" count="139" type="cond" truecount="3" falsecount="0"/>
        <line num="26" count="139" type="stmt"/>
        <line num="27" count="139" type="stmt"/>
        <line num="28" count="139" type="stmt"/>
        <line num="31" count="139" type="cond" truecount="2" falsecount="0"/>
        <line num="32" count="38" type="stmt"/>
        <line num="56" count="101" type="cond" truecount="2" falsecount="0"/>
        <line num="60" count="139" type="stmt"/>
        <line num="63" count="139" type="stmt"/>
        <line num="64" count="139" type="stmt"/>
        <line num="66" count="139" type="stmt"/>
        <line num="67" count="16092" type="stmt"/>
        <line num="68" count="81716" type="stmt"/>
        <line num="71" count="139" type="stmt"/>
        <line num="73" count="14242" type="cond" truecount="3" falsecount="1"/>
        <line num="74" count="14242" type="stmt"/>
        <line num="75" count="14242" type="stmt"/>
        <line num="77" count="14242" type="stmt"/>
        <line num="83" count="139" type="stmt"/>
        <line num="84" count="14242" type="stmt"/>
        <line num="85" count="14242" type="stmt"/>
        <line num="86" count="14242" type="cond" truecount="2" falsecount="0"/>
        <line num="87" count="476" type="stmt"/>
        <line num="88" count="476" type="stmt"/>
        <line num="89" count="476" type="cond" truecount="2" falsecount="0"/>
        <line num="94" count="101" type="stmt"/>
        <line num="95" count="16092" type="stmt"/>
        <line num="96" count="5387" type="stmt"/>
        <line num="99" count="101" type="stmt"/>
        <line num="101" count="1850" type="cond" truecount="1" falsecount="1"/>
        <line num="102" count="1850" type="cond" truecount="3" falsecount="1"/>
        <line num="103" count="1850" type="stmt"/>
        <line num="104" count="1850" type="stmt"/>
        <line num="106" count="1850" type="stmt"/>
        <line num="112" count="101" type="stmt"/>
        <line num="113" count="1850" type="stmt"/>
        <line num="114" count="1850" type="stmt"/>
        <line num="115" count="1850" type="cond" truecount="2" falsecount="0"/>
        <line num="116" count="71" type="stmt"/>
        <line num="117" count="71" type="stmt"/>
        <line num="118" count="71" type="cond" truecount="2" falsecount="0"/>
        <line num="123" count="101" type="stmt"/>
        <line num="124" count="101" type="stmt"/>
        <line num="125" count="547" type="stmt"/>
        <line num="126" count="547" type="stmt"/>
        <line num="130" count="101" type="stmt"/>
        <line num="131" count="101" type="stmt"/>
        <line num="133" count="101" type="stmt"/>
        <line num="134" count="101" type="stmt"/>
        <line num="135" count="73" type="stmt"/>
        <line num="136" count="73" type="cond" truecount="2" falsecount="0"/>
        <line num="137" count="8" type="stmt"/>
        <line num="138" count="8" type="stmt"/>
        <line num="139" count="8" type="stmt"/>
        <line num="140" count="8" type="stmt"/>
        <line num="145" count="101" type="stmt"/>
        <line num="153" count="820" type="stmt"/>
        <line num="157" count="101" type="stmt"/>
        <line num="158" count="101" type="stmt"/>
        <line num="159" count="101" type="stmt"/>
        <line num="160" count="101" type="stmt"/>
        <line num="161" count="101" type="stmt"/>
        <line num="162" count="101" type="stmt"/>
        <line num="163" count="101" type="stmt"/>
        <line num="166" count="101" type="cond" truecount="1" falsecount="1"/>
        <line num="167" count="139" type="stmt"/>
        <line num="168" count="139" type="stmt"/>
        <line num="171" count="139" type="cond" truecount="1" falsecount="1"/>
        <line num="174" count="139" type="cond" truecount="4" falsecount="0"/>
        <line num="175" count="6" type="stmt"/>
        <line num="199" count="95" type="cond" truecount="2" falsecount="0"/>
        <line num="202" count="139" type="cond" truecount="4" falsecount="0"/>
        <line num="203" count="95" type="stmt"/>
        <line num="206" count="95" type="stmt"/>
        <line num="234" count="16165" type="stmt"/>
      </file>
      <file name="history.js" path="/Volumes/AI-Models/tokenshrink/sdk/src/history.js">
        <metrics statements="22" coveredstatements="22" conditionals="19" coveredconditionals="18" methods="3" coveredmethods="2"/>
        <line num="22" count="25" type="cond" truecount="2" falsecount="0"/>
        <line num="23" count="1" type="stmt"/>
        <line num="26" count="24" type="cond" truecount="2" falsecount="0"/>
        <line num="27" count="25" type="stmt"/>
        <line num="29" count="25" type="stmt"/>
        <line num="30" count="25" type="stmt"/>
        <line num="31" count="25" type="stmt"/>
        <line num="33" count="25" type="stmt"/>
        <line num="34" count="37" type="cond" truecount="3" falsecount="1"/>
        <line num="38" count="37" type="cond" truecount="4" falsecount="0"/>
        <line num="39" count="11" type="stmt"/>
        <line num="42" count="26" type="stmt"/>
        <line num="44" count="26" type="stmt"/>
        <line num="45" count="26" type="stmt"/>
        <line num="48" count="26" type="cond" truecount="2" falsecount="0"/>
        <line num="49" count="21" type="stmt"/>
        <line num="52" count="26" type="stmt"/>
        <line num="55" count="25" type="stmt"/>
        <line num="57" count="25" type="cond" truecount="4" falsecount="0"/>
        <line num="58" count="18" type="stmt"/>
        <line num="59" count="18" type="stmt"/>
        <line num="74" count="24" type="stmt"/>
      </file>
      <file name="index.js" path="/Volumes/AI-Models/tokenshrink/sdk/src/index.js">
        <metrics statements="0" coveredstatements="0" conditionals="0" coveredconditionals="0" methods="0" coveredmethods="0"/>
      </file>
      <file name="rosetta.js" path="/Volumes/AI-Models/tokenshrink/sdk/src/rosetta.js">
        <metrics statements="24" coveredstatements="24" conditionals="19" coveredconditionals="18" methods="5" coveredmethods="5"/>
        <line num="7" count="104" type="stmt"/>
        <line num="8" count="551" type="cond" truecount="4" falsecount="0"/>
        <line num="9" count="232" type="stmt"/>
        <line num="14" count="104" type="stmt"/>
        <line num="15" count="223" type="stmt"/>
        <line num="16" count="223" type="stmt"/>
        <line num="17" count="223" type="cond" truecount="1" falsecount="1"/>
        <line num="18" count="223" type="stmt"/>
        <line num="21" count="104" type="cond" truecount="4" falsecount="0"/>
        <line num="22" count="92" type="stmt"/>
        <line num="25" count="12" type="stmt"/>
        <line num="27" count="12" type="cond" truecount="2" falsecount="0"/>
        <line num="28" count="6" type="stmt"/>
        <line num="29" count="8" type="stmt"/>
        <line num="33" count="12" type="cond" truecount="2" falsecount="0"/>
        <line num="34" count="8" type="stmt"/>
        <line num="35" count="8" type="stmt"/>
        <line num="36" count="8" type="stmt"/>
        <line num="40" count="12" type="stmt"/>
        <line num="41" count="12" type="stmt"/>
        <line num="48" count="103" type="cond" truecount="2" falsecount="0"/>
        <line num="49" count="12" type="stmt"/>
        <line num="60" count="104" type="cond" truecount="2" falsecount="0"/>
        <line num="61" count="13" type="stmt"/>
      </file>
      <file name="strategies.js" path="/Volumes/AI-Models/tokenshrink/sdk/src/strategies.js">
        <metrics statements="34" coveredstatements="33" conditionals="20" coveredconditionals="18" methods="8" coveredmethods="8"/>
        <line num="3" count="10" type="stmt"/>
        <line num="10" count="10" type="stmt"/>
        <line num="16" count="10" type="stmt"/>
        <line num="22" count="10" type="stmt"/>
        <line num="29" count="496" type="stmt"/>
        <line num="30" count="496" type="stmt"/>
        <line num="31" count="8308" type="stmt"/>
        <line num="32" count="8308" type="stmt"/>
        <line num="33" count="8308" type="cond" truecount="2" falsecount="0"/>
        <line num="38" count="124" type="stmt"/>
        <line num="46" count="124" type="stmt"/>
        <line num="47" count="124" type="cond" truecount="2" falsecount="0"/>
        <line num="48" count="124" type="cond" truecount="1" falsecount="1"/>
        <line num="49" count="0" type="stmt"/>
        <line num="53" count="124" type="stmt"/>
        <line num="54" count="372" type="cond" truecount="2" falsecount="0"/>
        <line num="57" count="124" type="cond" truecount="2" falsecount="0"/>
        <line num="58" count="102" type="stmt"/>
        <line num="61" count="22" type="stmt"/>
        <line num="70" count="101" type="stmt"/>
        <line num="71" count="101" type="stmt"/>
        <line num="72" count="101" type="stmt"/>
        <line num="74" count="101" type="stmt"/>
        <line num="75" count="9245" type="stmt"/>
        <line num="76" count="9245" type="cond" truecount="2" falsecount="0"/>
        <line num="77" count="9245" type="cond" truecount="2" falsecount="0"/>
        <line num="78" count="27129" type="stmt"/>
        <line num="79" count="27129" type="cond" truecount="2" falsecount="0"/>
        <line num="83" count="101" type="stmt"/>
        <line num="84" count="13659" type="stmt"/>
        <line num="87" count="1889" type="stmt"/>
        <line num="88" count="1889" type="stmt"/>
        <line num="89" count="1889" type="stmt"/>
        <line num="92" count="113" type="stmt"/>
      </file>
      <file name="token-costs.js" path="/Volumes/AI-Models/tokenshrink/sdk/src/token-costs.js">
        <metrics statements="3" coveredstatements="3" conditionals="0" coveredconditionals="0" methods="0" coveredmethods="0"/>
        <line num="11" count="14" type="stmt"/>
        <line num="606" count="14" type="stmt"/>
        <line num="747" count="14" type="stmt"/>
      </file>
      <file name="utils.js" path="/Volumes/AI-Models/tokenshrink/sdk/src/utils.js">
        <metrics statements="20" coveredstatements="20" conditionals="14" coveredconditionals="13" methods="5" coveredmethods="5"/>
        <line num="4" count="13" type="stmt"/>
        <line num="7" count="260" type="stmt"/>
        <line num="12" count="2" type="stmt"/>
        <line num="16" count="105" type="stmt"/>
        <line num="30" count="29430" type="cond" truecount="4" falsecount="0"/>
        <line num="33" count="29423" type="cond" truecount="2" falsecount="0"/>
        <line num="34" count="295" type="stmt"/>
        <line num="38" count="29128" type="stmt"/>
        <line num="39" count="29128" type="stmt"/>
        <line num="41" count="29128" type="stmt"/>
        <line num="42" count="90086" type="stmt"/>
        <line num="44" count="90086" type="stmt"/>
        <line num="46" count="90086" type="cond" truecount="2" falsecount="0"/>
        <line num="47" count="33038" type="stmt"/>
        <line num="50" count="57048" type="stmt"/>
        <line num="54" count="29128" type="stmt"/>
        <line num="66" count="16106" type="cond" truecount="3" falsecount="1"/>
        <line num="68" count="16106" type="stmt"/>
        <line num="69" count="16106" type="cond" truecount="2" falsecount="0"/>
        <line num="71" count="16106" type="stmt"/>
      </file>
    </package>
    <package name="sdk.src.domains">
      <metrics statements="47" coveredstatements="44" conditionals="30" coveredconditionals="28" methods="8" coveredmethods="8"/>
      <file name="index.js" path="/Volumes/AI-Models/tokenshrink/sdk/src/domains/index.js">
        <metrics statements="43" coveredstatements="40" conditionals="30" coveredconditionals="28" methods="8" coveredmethods="8"/>
        <line num="14" count="2" type="stmt"/>
        <line num="31" count="12" type="stmt"/>
        <line num="32" count="12" type="stmt"/>
        <line num="34" count="12" type="cond" truecount="2" falsecount="0"/>
        <line num="35" count="11" type="stmt"/>
        <line num="38" count="11" type="cond" truecount="2" falsecount="0"/>
        <line num="39" count="7" type="stmt"/>
        <line num="43" count="11" type="cond" truecount="2" falsecount="0"/>
        <line num="44" count="4" type="stmt"/>
        <line num="48" count="11" type="cond" truecount="2" falsecount="0"/>
        <line num="49" count="3" type="stmt"/>
        <line num="53" count="1" type="cond" truecount="1" falsecount="1"/>
        <line num="54" count="0" type="stmt"/>
        <line num="59" count="12" type="stmt"/>
        <line num="60" count="14" type="stmt"/>
        <line num="63" count="12" type="stmt"/>
        <line num="76" count="12" type="cond" truecount="4" falsecount="0"/>
        <line num="77" count="11" type="cond" truecount="2" falsecount="0"/>
        <line num="78" count="1" type="stmt"/>
        <line num="79" count="1" type="stmt"/>
        <line num="81" count="0" type="stmt"/>
        <line num="92" count="11" type="stmt"/>
        <line num="97" count="11" type="stmt"/>
        <line num="98" count="11" type="stmt"/>
        <line num="99" count="33" type="cond" truecount="4" falsecount="0"/>
        <line num="100" count="11" type="stmt"/>
        <line num="101" count="17" type="stmt"/>
        <line num="105" count="11" type="stmt"/>
        <line num="116" count="95" type="stmt"/>
        <line num="126" count="1" type="stmt"/>
        <line num="127" count="1" type="stmt"/>
        <line num="128" count="1" type="stmt"/>
        <line num="129" count="1" type="cond" truecount="2" falsecount="0"/>
        <line num="130" count="1" type="stmt"/>
        <line num="137" count="0" type="stmt"/>
        <line num="148" count="12" type="stmt"/>
        <line num="149" count="12" type="stmt"/>
        <line num="150" count="12" type="stmt"/>
        <line num="151" count="322" type="stmt"/>
        <line num="152" count="322" type="cond" truecount="1" falsecount="1"/>
        <line num="153" count="322" type="stmt"/>
        <line num="154" count="322" type="stmt"/>
        <line num="157" count="12" type="stmt"/>
      </file>
      <file name="node.js" path="/Volumes/AI-Models/tokenshrink/sdk/src/domains/node.js">
        <metrics statements="1" coveredstatements="1" conditionals="0" coveredconditionals="0" methods="0" coveredmethods="0"/>
        <line num="10" count="2" type="stmt"/>
      </file>
      <file name="python.js" path="/Volumes/AI-Models/tokenshrink/sdk/src/domains/python.js">
        <metrics statements="1" coveredstatements="1" conditionals="0" coveredconditionals="0" methods="0" coveredmethods="0"/>
        <line num="10" count="2" type="stmt"/>
      </file>
      <file name="react.js" path="/Volumes/AI-Models/tokenshrink/sdk/src/domains/react.js">
        <metrics statements="1" coveredstatements="1" conditionals="0" coveredconditionals="0" methods="0" coveredmethods="0"/>
        <line num="10" count="2" type="stmt"/>
      </file>
      <file name="supabase.js" path="/Volumes/AI-Models/tokenshrink/sdk/src/domains/supabase.js">
        <metrics statements="1" coveredstatements="1" conditionals="0" coveredconditionals="0" methods="0" coveredmethods="0"/>
        <line num="10" count="2" type="stmt"/>
      </file>
    </package>
  </project>
</coverage>
