{"/Volumes/AI-Models/tokenshrink/app/lib/billing.js": {"path":"/Volumes/AI-Models/tokenshrink/app/lib/billing.js","statementMap":{"0":{"start":{"line":17,"column":21},"end":{"line":44,"column":1}},"1":{"start":{"line":46,"column":36},"end":{"line":46,"column":42}},"2":{"start":{"line":47,"column":37},"end":{"line":47,"column":39}},"3":{"start":{"line":50,"column":2},"end":{"line":50,"column":null}},"4":{"start":{"line":54,"column":14},"end":{"line":54,"column":24}},"5":{"start":{"line":55,"column":2},"end":{"line":55,"column":null}}},"fnMap":{"0":{"name":"getPlan","decl":{"start":{"line":49,"column":16},"end":{"line":49,"column":23}},"loc":{"start":{"line":49,"column":32},"end":{"line":51,"column":null}},"line":49},"1":{"name":"getCurrentPeriod","decl":{"start":{"line":53,"column":16},"end":{"line":53,"column":32}},"loc":{"start":{"line":53,"column":35},"end":{"line":56,"column":null}},"line":53}},"branchMap":{"0":{"loc":{"start":{"line":50,"column":9},"end":{"line":50,"column":36}},"type":"binary-expr","locations":[{"start":{"line":50,"column":9},"end":{"line":50,"column":22}},{"start":{"line":50,"column":26},"end":{"line":50,"column":36}}],"line":50}},"s":{"0":6,"1":6,"2":6,"3":2,"4":1,"5":1},"f":{"0":2,"1":1},"b":{"0":[2,1]},"meta":{"lastBranch":1,"lastFunction":2,"lastStatement":6,"seen":{"s:17:21:44:1":0,"s:46:36:46:42":1,"s:47:37:47:39":2,"f:49:16:49:23":0,"s:50:2:50:Infinity":3,"b:50:9:50:22:50:26:50:36":0,"f:53:16:53:32":1,"s:54:14:54:24":4,"s:55:2:55:Infinity":5}}}
,"/Volumes/AI-Models/tokenshrink/app/lib/validate.js": {"path":"/Volumes/AI-Models/tokenshrink/app/lib/validate.js","statementMap":{"0":{"start":{"line":4,"column":2},"end":{"line":6,"column":null}},"1":{"start":{"line":5,"column":4},"end":{"line":5,"column":null}},"2":{"start":{"line":8,"column":18},"end":{"line":8,"column":29}},"3":{"start":{"line":9,"column":2},"end":{"line":11,"column":null}},"4":{"start":{"line":10,"column":4},"end":{"line":10,"column":null}},"5":{"start":{"line":13,"column":2},"end":{"line":15,"column":null}},"6":{"start":{"line":14,"column":4},"end":{"line":14,"column":null}},"7":{"start":{"line":17,"column":15},"end":{"line":17,"column":35}},"8":{"start":{"line":18,"column":2},"end":{"line":20,"column":null}},"9":{"start":{"line":19,"column":4},"end":{"line":19,"column":null}},"10":{"start":{"line":22,"column":2},"end":{"line":27,"column":null}},"11":{"start":{"line":23,"column":4},"end":{"line":26,"column":null}},"12":{"start":{"line":29,"column":2},"end":{"line":29,"column":null}}},"fnMap":{"0":{"name":"validateCompressionInput","decl":{"start":{"line":3,"column":16},"end":{"line":3,"column":40}},"loc":{"start":{"line":3,"column":57},"end":{"line":30,"column":null}},"line":3}},"branchMap":{"0":{"loc":{"start":{"line":4,"column":2},"end":{"line":6,"column":null}},"type":"if","locations":[{"start":{"line":4,"column":2},"end":{"line":6,"column":null}},{"start":{},"end":{}}],"line":4},"1":{"loc":{"start":{"line":4,"column":6},"end":{"line":4,"column":39}},"type":"binary-expr","locations":[{"start":{"line":4,"column":6},"end":{"line":4,"column":11}},{"start":{"line":4,"column":15},"end":{"line":4,"column":39}}],"line":4},"2":{"loc":{"start":{"line":9,"column":2},"end":{"line":11,"column":null}},"type":"if","locations":[{"start":{"line":9,"column":2},"end":{"line":11,"column":null}},{"start":{},"end":{}}],"line":9},"3":{"loc":{"start":{"line":13,"column":2},"end":{"line":15,"column":null}},"type":"if","locations":[{"start":{"line":13,"column":2},"end":{"line":15,"column":null}},{"start":{},"end":{}}],"line":13},"4":{"loc":{"start":{"line":18,"column":2},"end":{"line":20,"column":null}},"type":"if","locations":[{"start":{"line":18,"column":2},"end":{"line":20,"column":null}},{"start":{},"end":{}}],"line":18},"5":{"loc":{"start":{"line":22,"column":2},"end":{"line":27,"column":null}},"type":"if","locations":[{"start":{"line":22,"column":2},"end":{"line":27,"column":null}},{"start":{},"end":{}}],"line":22}},"s":{"0":27,"1":8,"2":19,"3":19,"4":2,"5":17,"6":2,"7":15,"8":15,"9":6,"10":9,"11":1,"12":8},"f":{"0":27},"b":{"0":[8,19],"1":[27,22],"2":[2,17],"3":[2,15],"4":[6,9],"5":[1,8]},"meta":{"lastBranch":6,"lastFunction":1,"lastStatement":13,"seen":{"f:3:16:3:40":0,"b:4:2:6:Infinity:undefined:undefined:undefined:undefined":0,"s:4:2:6:Infinity":0,"b:4:6:4:11:4:15:4:39":1,"s:5:4:5:Infinity":1,"s:8:18:8:29":2,"b:9:2:11:Infinity:undefined:undefined:undefined:undefined":2,"s:9:2:11:Infinity":3,"s:10:4:10:Infinity":4,"b:13:2:15:Infinity:undefined:undefined:undefined:undefined":3,"s:13:2:15:Infinity":5,"s:14:4:14:Infinity":6,"s:17:15:17:35":7,"b:18:2:20:Infinity:undefined:undefined:undefined:undefined":4,"s:18:2:20:Infinity":8,"s:19:4:19:Infinity":9,"b:22:2:27:Infinity:undefined:undefined:undefined:undefined":5,"s:22:2:27:Infinity":10,"s:23:4:26:Infinity":11,"s:29:2:29:Infinity":12}}}
,"/Volumes/AI-Models/tokenshrink/app/lib/compression/dictionaries.js": {"path":"/Volumes/AI-Models/tokenshrink/app/lib/compression/dictionaries.js","statementMap":{},"fnMap":{},"branchMap":{},"s":{},"f":{},"b":{},"meta":{"lastBranch":0,"lastFunction":0,"lastStatement":0,"seen":{}}}
,"/Volumes/AI-Models/tokenshrink/app/lib/compression/engine.js": {"path":"/Volumes/AI-Models/tokenshrink/app/lib/compression/engine.js","statementMap":{},"fnMap":{},"branchMap":{},"s":{},"f":{},"b":{},"meta":{"lastBranch":0,"lastFunction":0,"lastStatement":0,"seen":{}}}
,"/Volumes/AI-Models/tokenshrink/app/lib/compression/rosetta.js": {"path":"/Volumes/AI-Models/tokenshrink/app/lib/compression/rosetta.js","statementMap":{},"fnMap":{},"branchMap":{},"s":{},"f":{},"b":{},"meta":{"lastBranch":0,"lastFunction":0,"lastStatement":0,"seen":{}}}
,"/Volumes/AI-Models/tokenshrink/app/lib/compression/strategies.js": {"path":"/Volumes/AI-Models/tokenshrink/app/lib/compression/strategies.js","statementMap":{},"fnMap":{},"branchMap":{},"s":{},"f":{},"b":{},"meta":{"lastBranch":0,"lastFunction":0,"lastStatement":0,"seen":{}}}
,"/Volumes/AI-Models/tokenshrink/schema/schema.js": {"path":"/Volumes/AI-Models/tokenshrink/schema/schema.js","statementMap":{"0":{"start":{"line":1,"column":81},"end":{"line":1,"column":111}},"1":{"start":{"line":2,"column":16},"end":{"line":2,"column":38}},"2":{"start":{"line":4,"column":14},"end":{"line":14,"column":2}},"3":{"start":{"line":5,"column":47},"end":{"line":5,"column":66}},"4":{"start":{"line":16,"column":16},"end":{"line":27,"column":2}},"5":{"start":{"line":17,"column":47},"end":{"line":17,"column":66}},"6":{"start":{"line":18,"column":53},"end":{"line":18,"column":61}},"7":{"start":{"line":25,"column":14},"end":{"line":27,"column":1}},"8":{"start":{"line":29,"column":21},"end":{"line":43,"column":2}},"9":{"start":{"line":30,"column":47},"end":{"line":30,"column":66}},"10":{"start":{"line":31,"column":43},"end":{"line":31,"column":51}},"11":{"start":{"line":41,"column":14},"end":{"line":43,"column":1}},"12":{"start":{"line":45,"column":22},"end":{"line":54,"column":2}},"13":{"start":{"line":46,"column":47},"end":{"line":46,"column":66}},"14":{"start":{"line":47,"column":53},"end":{"line":47,"column":61}},"15":{"start":{"line":56,"column":20},"end":{"line":66,"column":2}},"16":{"start":{"line":57,"column":47},"end":{"line":57,"column":66}},"17":{"start":{"line":58,"column":53},"end":{"line":58,"column":61}},"18":{"start":{"line":64,"column":14},"end":{"line":66,"column":1}},"19":{"start":{"line":68,"column":0},"end":{"line":68,"column":null}}},"fnMap":{"0":{"name":"(anonymous_0)","decl":{"start":{"line":5,"column":41},"end":{"line":5,"column":42}},"loc":{"start":{"line":5,"column":47},"end":{"line":5,"column":66}},"line":5},"1":{"name":"(anonymous_1)","decl":{"start":{"line":17,"column":41},"end":{"line":17,"column":42}},"loc":{"start":{"line":17,"column":47},"end":{"line":17,"column":66}},"line":17},"2":{"name":"(anonymous_2)","decl":{"start":{"line":18,"column":47},"end":{"line":18,"column":48}},"loc":{"start":{"line":18,"column":53},"end":{"line":18,"column":61}},"line":18},"3":{"name":"(anonymous_3)","decl":{"start":{"line":25,"column":3},"end":{"line":25,"column":4}},"loc":{"start":{"line":25,"column":14},"end":{"line":27,"column":1}},"line":25},"4":{"name":"(anonymous_4)","decl":{"start":{"line":30,"column":41},"end":{"line":30,"column":42}},"loc":{"start":{"line":30,"column":47},"end":{"line":30,"column":66}},"line":30},"5":{"name":"(anonymous_5)","decl":{"start":{"line":31,"column":37},"end":{"line":31,"column":38}},"loc":{"start":{"line":31,"column":43},"end":{"line":31,"column":51}},"line":31},"6":{"name":"(anonymous_6)","decl":{"start":{"line":41,"column":3},"end":{"line":41,"column":4}},"loc":{"start":{"line":41,"column":14},"end":{"line":43,"column":1}},"line":41},"7":{"name":"(anonymous_7)","decl":{"start":{"line":46,"column":41},"end":{"line":46,"column":42}},"loc":{"start":{"line":46,"column":47},"end":{"line":46,"column":66}},"line":46},"8":{"name":"(anonymous_8)","decl":{"start":{"line":47,"column":47},"end":{"line":47,"column":48}},"loc":{"start":{"line":47,"column":53},"end":{"line":47,"column":61}},"line":47},"9":{"name":"(anonymous_9)","decl":{"start":{"line":57,"column":41},"end":{"line":57,"column":42}},"loc":{"start":{"line":57,"column":47},"end":{"line":57,"column":66}},"line":57},"10":{"name":"(anonymous_10)","decl":{"start":{"line":58,"column":47},"end":{"line":58,"column":48}},"loc":{"start":{"line":58,"column":53},"end":{"line":58,"column":61}},"line":58},"11":{"name":"(anonymous_11)","decl":{"start":{"line":64,"column":3},"end":{"line":64,"column":4}},"loc":{"start":{"line":64,"column":14},"end":{"line":66,"column":1}},"line":64}},"branchMap":{},"s":{"0":1,"1":1,"2":1,"3":0,"4":1,"5":0,"6":0,"7":0,"8":1,"9":0,"10":0,"11":0,"12":1,"13":0,"14":0,"15":1,"16":0,"17":0,"18":0,"19":1},"f":{"0":0,"1":0,"2":0,"3":0,"4":0,"5":0,"6":0,"7":0,"8":0,"9":0,"10":0,"11":0},"b":{},"meta":{"lastBranch":0,"lastFunction":12,"lastStatement":20,"seen":{"s:1:81:1:111":0,"s:2:16:2:38":1,"s:4:14:14:2":2,"f:5:41:5:42":0,"s:5:47:5:66":3,"s:16:16:27:2":4,"f:17:41:17:42":1,"s:17:47:17:66":5,"f:18:47:18:48":2,"s:18:53:18:61":6,"f:25:3:25:4":3,"s:25:14:27:1":7,"s:29:21:43:2":8,"f:30:41:30:42":4,"s:30:47:30:66":9,"f:31:37:31:38":5,"s:31:43:31:51":10,"f:41:3:41:4":6,"s:41:14:43:1":11,"s:45:22:54:2":12,"f:46:41:46:42":7,"s:46:47:46:66":13,"f:47:47:47:48":8,"s:47:53:47:61":14,"s:56:20:66:2":15,"f:57:41:57:42":9,"s:57:47:57:66":16,"f:58:47:58:48":10,"s:58:53:58:61":17,"f:64:3:64:4":11,"s:64:14:66:1":18,"s:68:0:68:Infinity":19}}}
,"/Volumes/AI-Models/tokenshrink/sdk/src/codebook-store.js": {"path":"/Volumes/AI-Models/tokenshrink/sdk/src/codebook-store.js","statementMap":{"0":{"start":{"line":10,"column":22},"end":{"line":10,"column":72}},"1":{"start":{"line":11,"column":22},"end":{"line":11,"column":80}},"2":{"start":{"line":17,"column":2},"end":{"line":21,"column":null}},"3":{"start":{"line":18,"column":4},"end":{"line":20,"column":null}},"4":{"start":{"line":19,"column":6},"end":{"line":19,"column":null}},"5":{"start":{"line":28,"column":2},"end":{"line":28,"column":null}},"6":{"start":{"line":35,"column":2},"end":{"line":35,"column":null}},"7":{"start":{"line":46,"column":2},"end":{"line":54,"column":null}},"8":{"start":{"line":47,"column":21},"end":{"line":47,"column":46}},"9":{"start":{"line":48,"column":4},"end":{"line":48,"column":null}},"10":{"start":{"line":48,"column":34},"end":{"line":48,"column":null}},"11":{"start":{"line":49,"column":16},"end":{"line":49,"column":49}},"12":{"start":{"line":50,"column":17},"end":{"line":50,"column":32}},"13":{"start":{"line":51,"column":4},"end":{"line":51,"column":null}},"14":{"start":{"line":53,"column":4},"end":{"line":53,"column":null}},"15":{"start":{"line":62,"column":2},"end":{"line":87,"column":null}},"16":{"start":{"line":63,"column":21},"end":{"line":63,"column":46}},"17":{"start":{"line":64,"column":4},"end":{"line":71,"column":null}},"18":{"start":{"line":65,"column":6},"end":{"line":70,"column":null}},"19":{"start":{"line":72,"column":16},"end":{"line":72,"column":49}},"20":{"start":{"line":73,"column":17},"end":{"line":73,"column":32}},"21":{"start":{"line":74,"column":4},"end":{"line":79,"column":null}},"22":{"start":{"line":81,"column":4},"end":{"line":86,"column":null}},"23":{"start":{"line":94,"column":2},"end":{"line":99,"column":null}},"24":{"start":{"line":95,"column":4},"end":{"line":95,"column":null}},"25":{"start":{"line":96,"column":21},"end":{"line":96,"column":46}},"26":{"start":{"line":97,"column":20},"end":{"line":97,"column":50}},"27":{"start":{"line":98,"column":4},"end":{"line":98,"column":null}},"28":{"start":{"line":106,"column":14},"end":{"line":106,"column":24}},"29":{"start":{"line":107,"column":12},"end":{"line":107,"column":29}},"30":{"start":{"line":108,"column":12},"end":{"line":108,"column":55}},"31":{"start":{"line":109,"column":12},"end":{"line":109,"column":50}},"32":{"start":{"line":110,"column":2},"end":{"line":110,"column":null}},"33":{"start":{"line":123,"column":2},"end":{"line":123,"column":null}},"34":{"start":{"line":123,"column":67},"end":{"line":123,"column":null}},"35":{"start":{"line":125,"column":2},"end":{"line":170,"column":null}},"36":{"start":{"line":126,"column":18},"end":{"line":126,"column":47}},"37":{"start":{"line":127,"column":18},"end":{"line":127,"column":28}},"38":{"start":{"line":130,"column":19},"end":{"line":130,"column":61}},"39":{"start":{"line":130,"column":48},"end":{"line":130,"column":59}},"40":{"start":{"line":132,"column":4},"end":{"line":160,"column":null}},"41":{"start":{"line":133,"column":6},"end":{"line":133,"column":null}},"42":{"start":{"line":133,"column":26},"end":{"line":133,"column":null}},"43":{"start":{"line":134,"column":20},"end":{"line":134,"column":82}},"44":{"start":{"line":136,"column":6},"end":{"line":159,"column":null}},"45":{"start":{"line":138,"column":25},"end":{"line":138,"column":41}},"46":{"start":{"line":139,"column":24},"end":{"line":145,"column":9}},"47":{"start":{"line":146,"column":8},"end":{"line":146,"column":null}},"48":{"start":{"line":149,"column":22},"end":{"line":157,"column":9}},"49":{"start":{"line":158,"column":8},"end":{"line":158,"column":null}},"50":{"start":{"line":162,"column":25},"end":{"line":167,"column":5}},"51":{"start":{"line":169,"column":4},"end":{"line":169,"column":null}},"52":{"start":{"line":182,"column":2},"end":{"line":189,"column":null}},"53":{"start":{"line":183,"column":18},"end":{"line":183,"column":50}},"54":{"start":{"line":184,"column":4},"end":{"line":186,"column":null}},"55":{"start":{"line":185,"column":19},"end":{"line":185,"column":42}},"56":{"start":{"line":186,"column":22},"end":{"line":186,"column":47}},"57":{"start":{"line":188,"column":4},"end":{"line":188,"column":null}},"58":{"start":{"line":200,"column":2},"end":{"line":209,"column":null}},"59":{"start":{"line":201,"column":18},"end":{"line":201,"column":50}},"60":{"start":{"line":202,"column":4},"end":{"line":206,"column":null}},"61":{"start":{"line":203,"column":21},"end":{"line":203,"column":49}},"62":{"start":{"line":204,"column":21},"end":{"line":204,"column":49}},"63":{"start":{"line":205,"column":6},"end":{"line":205,"column":null}},"64":{"start":{"line":208,"column":4},"end":{"line":208,"column":null}},"65":{"start":{"line":220,"column":2},"end":{"line":238,"column":null}},"66":{"start":{"line":221,"column":18},"end":{"line":221,"column":47}},"67":{"start":{"line":222,"column":19},"end":{"line":222,"column":37}},"68":{"start":{"line":224,"column":22},"end":{"line":224,"column":90}},"69":{"start":{"line":224,"column":46},"end":{"line":224,"column":89}},"70":{"start":{"line":226,"column":4},"end":{"line":226,"column":46}},"71":{"start":{"line":226,"column":37},"end":{"line":226,"column":46}},"72":{"start":{"line":228,"column":25},"end":{"line":232,"column":5}},"73":{"start":{"line":234,"column":4},"end":{"line":234,"column":null}},"74":{"start":{"line":235,"column":4},"end":{"line":235,"column":null}},"75":{"start":{"line":237,"column":4},"end":{"line":237,"column":null}},"76":{"start":{"line":252,"column":18},"end":{"line":252,"column":46}},"77":{"start":{"line":253,"column":17},"end":{"line":253,"column":47}},"78":{"start":{"line":255,"column":2},"end":{"line":302,"column":null}},"79":{"start":{"line":256,"column":4},"end":{"line":256,"column":null}},"80":{"start":{"line":256,"column":33},"end":{"line":256,"column":null}},"81":{"start":{"line":258,"column":16},"end":{"line":258,"column":55}},"82":{"start":{"line":259,"column":4},"end":{"line":259,"column":null}},"83":{"start":{"line":259,"column":14},"end":{"line":259,"column":null}},"84":{"start":{"line":261,"column":18},"end":{"line":261,"column":55}},"85":{"start":{"line":261,"column":46},"end":{"line":261,"column":54}},"86":{"start":{"line":262,"column":4},"end":{"line":262,"column":null}},"87":{"start":{"line":262,"column":28},"end":{"line":262,"column":null}},"88":{"start":{"line":266,"column":22},"end":{"line":266,"column":31}},"89":{"start":{"line":268,"column":4},"end":{"line":288,"column":null}},"90":{"start":{"line":269,"column":6},"end":{"line":287,"column":null}},"91":{"start":{"line":270,"column":22},"end":{"line":270,"column":38}},"92":{"start":{"line":271,"column":47},"end":{"line":271,"column":52}},"93":{"start":{"line":272,"column":8},"end":{"line":272,"column":null}},"94":{"start":{"line":272,"column":40},"end":{"line":272,"column":null}},"95":{"start":{"line":274,"column":8},"end":{"line":276,"column":null}},"96":{"start":{"line":275,"column":10},"end":{"line":275,"column":null}},"97":{"start":{"line":278,"column":27},"end":{"line":278,"column":49}},"98":{"start":{"line":279,"column":8},"end":{"line":284,"column":null}},"99":{"start":{"line":280,"column":27},"end":{"line":280,"column":47}},"100":{"start":{"line":281,"column":10},"end":{"line":281,"column":null}},"101":{"start":{"line":283,"column":10},"end":{"line":283,"column":null}},"102":{"start":{"line":286,"column":8},"end":{"line":286,"column":null}},"103":{"start":{"line":291,"column":4},"end":{"line":295,"column":null}},"104":{"start":{"line":292,"column":20},"end":{"line":292,"column":48}},"105":{"start":{"line":293,"column":6},"end":{"line":293,"column":null}},"106":{"start":{"line":294,"column":6},"end":{"line":294,"column":null}},"107":{"start":{"line":298,"column":4},"end":{"line":300,"column":null}},"108":{"start":{"line":299,"column":6},"end":{"line":299,"column":null}},"109":{"start":{"line":304,"column":2},"end":{"line":304,"column":null}}},"fnMap":{"0":{"name":"ensureDir","decl":{"start":{"line":16,"column":9},"end":{"line":16,"column":18}},"loc":{"start":{"line":16,"column":21},"end":{"line":22,"column":null}},"line":16},"1":{"name":"sanitizeProjectName","decl":{"start":{"line":27,"column":9},"end":{"line":27,"column":28}},"loc":{"start":{"line":27,"column":42},"end":{"line":29,"column":null}},"line":27},"2":{"name":"codebookPath","decl":{"start":{"line":34,"column":9},"end":{"line":34,"column":21}},"loc":{"start":{"line":34,"column":35},"end":{"line":36,"column":null}},"line":34},"3":{"name":"loadProjectCodebook","decl":{"start":{"line":45,"column":16},"end":{"line":45,"column":35}},"loc":{"start":{"line":45,"column":49},"end":{"line":55,"column":null}},"line":45},"4":{"name":"loadProjectStore","decl":{"start":{"line":61,"column":9},"end":{"line":61,"column":25}},"loc":{"start":{"line":61,"column":39},"end":{"line":88,"column":null}},"line":61},"5":{"name":"saveProjectStore","decl":{"start":{"line":93,"column":9},"end":{"line":93,"column":25}},"loc":{"start":{"line":93,"column":46},"end":{"line":100,"column":null}},"line":93},"6":{"name":"todayISO","decl":{"start":{"line":105,"column":9},"end":{"line":105,"column":17}},"loc":{"start":{"line":105,"column":20},"end":{"line":111,"column":null}},"line":105},"7":{"name":"recordSessionFires","decl":{"start":{"line":122,"column":16},"end":{"line":122,"column":34}},"loc":{"start":{"line":122,"column":55},"end":{"line":171,"column":null}},"line":122},"8":{"name":"(anonymous_8)","decl":{"start":{"line":130,"column":43},"end":{"line":130,"column":44}},"loc":{"start":{"line":130,"column":48},"end":{"line":130,"column":59}},"line":130},"9":{"name":"getHallOfFame","decl":{"start":{"line":181,"column":16},"end":{"line":181,"column":29}},"loc":{"start":{"line":181,"column":57},"end":{"line":190,"column":null}},"line":181},"10":{"name":"(anonymous_10)","decl":{"start":{"line":185,"column":14},"end":{"line":185,"column":15}},"loc":{"start":{"line":185,"column":19},"end":{"line":185,"column":42}},"line":185},"11":{"name":"(anonymous_11)","decl":{"start":{"line":186,"column":12},"end":{"line":186,"column":13}},"loc":{"start":{"line":186,"column":22},"end":{"line":186,"column":47}},"line":186},"12":{"name":"getProjectVocab","decl":{"start":{"line":199,"column":16},"end":{"line":199,"column":31}},"loc":{"start":{"line":199,"column":45},"end":{"line":210,"column":null}},"line":199},"13":{"name":"(anonymous_13)","decl":{"start":{"line":202,"column":27},"end":{"line":202,"column":28}},"loc":{"start":{"line":202,"column":37},"end":{"line":206,"column":5}},"line":202},"14":{"name":"pruneDeadWeight","decl":{"start":{"line":219,"column":16},"end":{"line":219,"column":31}},"loc":{"start":{"line":219,"column":45},"end":{"line":239,"column":null}},"line":219},"15":{"name":"(anonymous_15)","decl":{"start":{"line":224,"column":41},"end":{"line":224,"column":42}},"loc":{"start":{"line":224,"column":46},"end":{"line":224,"column":89}},"line":224},"16":{"name":"processFireLog","decl":{"start":{"line":251,"column":16},"end":{"line":251,"column":30}},"loc":{"start":{"line":251,"column":44},"end":{"line":305,"column":null}},"line":251},"17":{"name":"(anonymous_17)","decl":{"start":{"line":261,"column":41},"end":{"line":261,"column":42}},"loc":{"start":{"line":261,"column":46},"end":{"line":261,"column":54}},"line":261}},"branchMap":{"0":{"loc":{"start":{"line":18,"column":4},"end":{"line":20,"column":null}},"type":"if","locations":[{"start":{"line":18,"column":4},"end":{"line":20,"column":null}},{"start":{},"end":{}}],"line":18},"1":{"loc":{"start":{"line":48,"column":4},"end":{"line":48,"column":null}},"type":"if","locations":[{"start":{"line":48,"column":4},"end":{"line":48,"column":null}},{"start":{},"end":{}}],"line":48},"2":{"loc":{"start":{"line":51,"column":11},"end":{"line":51,"column":54}},"type":"cond-expr","locations":[{"start":{"line":51,"column":39},"end":{"line":51,"column":49}},{"start":{"line":51,"column":52},"end":{"line":51,"column":54}}],"line":51},"3":{"loc":{"start":{"line":64,"column":4},"end":{"line":71,"column":null}},"type":"if","locations":[{"start":{"line":64,"column":4},"end":{"line":71,"column":null}},{"start":{},"end":{}}],"line":64},"4":{"loc":{"start":{"line":75,"column":16},"end":{"line":75,"column":44}},"type":"binary-expr","locations":[{"start":{"line":75,"column":16},"end":{"line":75,"column":29}},{"start":{"line":75,"column":33},"end":{"line":75,"column":44}}],"line":75},"5":{"loc":{"start":{"line":76,"column":16},"end":{"line":76,"column":43}},"type":"binary-expr","locations":[{"start":{"line":76,"column":16},"end":{"line":76,"column":29}},{"start":{"line":76,"column":33},"end":{"line":76,"column":43}}],"line":76},"6":{"loc":{"start":{"line":77,"column":17},"end":{"line":77,"column":72}},"type":"cond-expr","locations":[{"start":{"line":77,"column":54},"end":{"line":77,"column":68}},{"start":{"line":77,"column":71},"end":{"line":77,"column":72}}],"line":77},"7":{"loc":{"start":{"line":78,"column":13},"end":{"line":78,"column":56}},"type":"cond-expr","locations":[{"start":{"line":78,"column":41},"end":{"line":78,"column":51}},{"start":{"line":78,"column":54},"end":{"line":78,"column":56}}],"line":78},"8":{"loc":{"start":{"line":123,"column":2},"end":{"line":123,"column":null}},"type":"if","locations":[{"start":{"line":123,"column":2},"end":{"line":123,"column":null}},{"start":{},"end":{}}],"line":123},"9":{"loc":{"start":{"line":123,"column":6},"end":{"line":123,"column":65}},"type":"binary-expr","locations":[{"start":{"line":123,"column":6},"end":{"line":123,"column":18}},{"start":{"line":123,"column":22},"end":{"line":123,"column":43}},{"start":{"line":123,"column":47},"end":{"line":123,"column":65}}],"line":123},"10":{"loc":{"start":{"line":133,"column":6},"end":{"line":133,"column":null}},"type":"if","locations":[{"start":{"line":133,"column":6},"end":{"line":133,"column":null}},{"start":{},"end":{}}],"line":133},"11":{"loc":{"start":{"line":133,"column":10},"end":{"line":133,"column":24}},"type":"binary-expr","locations":[{"start":{"line":133,"column":10},"end":{"line":133,"column":15}},{"start":{"line":133,"column":19},"end":{"line":133,"column":24}}],"line":133},"12":{"loc":{"start":{"line":134,"column":20},"end":{"line":134,"column":82}},"type":"cond-expr","locations":[{"start":{"line":134,"column":69},"end":{"line":134,"column":78}},{"start":{"line":134,"column":81},"end":{"line":134,"column":82}}],"line":134},"13":{"loc":{"start":{"line":134,"column":20},"end":{"line":134,"column":66}},"type":"binary-expr","locations":[{"start":{"line":134,"column":20},"end":{"line":134,"column":49}},{"start":{"line":134,"column":53},"end":{"line":134,"column":66}}],"line":134},"14":{"loc":{"start":{"line":136,"column":6},"end":{"line":159,"column":null}},"type":"if","locations":[{"start":{"line":136,"column":6},"end":{"line":159,"column":null}},{"start":{"line":147,"column":13},"end":{"line":159,"column":null}}],"line":136},"15":{"loc":{"start":{"line":144,"column":21},"end":{"line":144,"column":87}},"type":"binary-expr","locations":[{"start":{"line":144,"column":21},"end":{"line":144,"column":53}},{"start":{"line":144,"column":57},"end":{"line":144,"column":87}}],"line":144},"16":{"loc":{"start":{"line":181,"column":43},"end":{"line":181,"column":55}},"type":"default-arg","locations":[{"start":{"line":181,"column":54},"end":{"line":181,"column":55}}],"line":181},"17":{"loc":{"start":{"line":224,"column":48},"end":{"line":224,"column":88}},"type":"binary-expr","locations":[{"start":{"line":224,"column":48},"end":{"line":224,"column":65}},{"start":{"line":224,"column":69},"end":{"line":224,"column":88}}],"line":224},"18":{"loc":{"start":{"line":226,"column":4},"end":{"line":226,"column":46}},"type":"if","locations":[{"start":{"line":226,"column":4},"end":{"line":226,"column":46}},{"start":{},"end":{}}],"line":226},"19":{"loc":{"start":{"line":252,"column":18},"end":{"line":252,"column":46}},"type":"binary-expr","locations":[{"start":{"line":252,"column":18},"end":{"line":252,"column":29}},{"start":{"line":252,"column":33},"end":{"line":252,"column":46}}],"line":252},"20":{"loc":{"start":{"line":256,"column":4},"end":{"line":256,"column":null}},"type":"if","locations":[{"start":{"line":256,"column":4},"end":{"line":256,"column":null}},{"start":{},"end":{}}],"line":256},"21":{"loc":{"start":{"line":259,"column":4},"end":{"line":259,"column":null}},"type":"if","locations":[{"start":{"line":259,"column":4},"end":{"line":259,"column":null}},{"start":{},"end":{}}],"line":259},"22":{"loc":{"start":{"line":262,"column":4},"end":{"line":262,"column":null}},"type":"if","locations":[{"start":{"line":262,"column":4},"end":{"line":262,"column":null}},{"start":{},"end":{}}],"line":262},"23":{"loc":{"start":{"line":272,"column":8},"end":{"line":272,"column":null}},"type":"if","locations":[{"start":{"line":272,"column":8},"end":{"line":272,"column":null}},{"start":{},"end":{}}],"line":272},"24":{"loc":{"start":{"line":272,"column":12},"end":{"line":272,"column":38}},"type":"binary-expr","locations":[{"start":{"line":272,"column":12},"end":{"line":272,"column":20}},{"start":{"line":272,"column":24},"end":{"line":272,"column":29}},{"start":{"line":272,"column":33},"end":{"line":272,"column":38}}],"line":272},"25":{"loc":{"start":{"line":274,"column":8},"end":{"line":276,"column":null}},"type":"if","locations":[{"start":{"line":274,"column":8},"end":{"line":276,"column":null}},{"start":{},"end":{}}],"line":274},"26":{"loc":{"start":{"line":279,"column":8},"end":{"line":284,"column":null}},"type":"if","locations":[{"start":{"line":279,"column":8},"end":{"line":284,"column":null}},{"start":{"line":282,"column":15},"end":{"line":284,"column":null}}],"line":279},"27":{"loc":{"start":{"line":281,"column":79},"end":{"line":281,"column":89}},"type":"binary-expr","locations":[{"start":{"line":281,"column":79},"end":{"line":281,"column":84}},{"start":{"line":281,"column":88},"end":{"line":281,"column":89}}],"line":281},"28":{"loc":{"start":{"line":283,"column":56},"end":{"line":283,"column":66}},"type":"binary-expr","locations":[{"start":{"line":283,"column":56},"end":{"line":283,"column":61}},{"start":{"line":283,"column":65},"end":{"line":283,"column":66}}],"line":283}},"s":{"0":2,"1":2,"2":14,"3":14,"4":0,"5":41,"6":41,"7":12,"8":12,"9":12,"10":4,"11":8,"12":8,"13":8,"14":0,"15":15,"16":15,"17":15,"18":9,"19":6,"20":6,"21":6,"22":0,"23":14,"24":14,"25":14,"26":14,"27":14,"28":23,"29":23,"30":23,"31":23,"32":23,"33":16,"34":3,"35":13,"36":13,"37":13,"38":13,"39":5,"40":13,"41":19,"42":0,"43":19,"44":19,"45":4,"46":4,"47":4,"48":15,"49":15,"50":13,"51":13,"52":3,"53":3,"54":3,"55":5,"56":3,"57":0,"58":2,"59":2,"60":2,"61":1,"62":1,"63":1,"64":0,"65":2,"66":2,"67":2,"68":2,"69":3,"70":2,"71":1,"72":1,"73":1,"74":1,"75":0,"76":3,"77":3,"78":3,"79":3,"80":1,"81":2,"82":2,"83":0,"84":2,"85":3,"86":2,"87":0,"88":2,"89":2,"90":3,"91":3,"92":3,"93":3,"94":0,"95":3,"96":2,"97":3,"98":3,"99":0,"100":0,"101":3,"102":3,"103":2,"104":2,"105":2,"106":2,"107":2,"108":2,"109":2},"f":{"0":14,"1":41,"2":41,"3":12,"4":15,"5":14,"6":23,"7":16,"8":5,"9":3,"10":5,"11":3,"12":2,"13":1,"14":2,"15":3,"16":3,"17":3},"b":{"0":[0,14],"1":[4,8],"2":[8,0],"3":[9,6],"4":[6,0],"5":[15,0],"6":[6,0],"7":[6,0],"8":[3,13],"9":[16,15,14],"10":[0,19],"11":[19,19],"12":[19,0],"13":[19,19],"14":[4,15],"15":[4,2],"16":[3],"17":[3,1],"18":[1,1],"19":[3,0],"20":[1,2],"21":[0,2],"22":[0,2],"23":[0,3],"24":[3,3,3],"25":[2,1],"26":[0,3],"27":[0,0],"28":[3,0]},"meta":{"lastBranch":29,"lastFunction":18,"lastStatement":110,"seen":{"s:10:22:10:72":0,"s:11:22:11:80":1,"f:16:9:16:18":0,"s:17:2:21:Infinity":2,"b:18:4:20:Infinity:undefined:undefined:undefined:undefined":0,"s:18:4:20:Infinity":3,"s:19:6:19:Infinity":4,"f:27:9:27:28":1,"s:28:2:28:Infinity":5,"f:34:9:34:21":2,"s:35:2:35:Infinity":6,"f:45:16:45:35":3,"s:46:2:54:Infinity":7,"s:47:21:47:46":8,"b:48:4:48:Infinity:undefined:undefined:undefined:undefined":1,"s:48:4:48:Infinity":9,"s:48:34:48:Infinity":10,"s:49:16:49:49":11,"s:50:17:50:32":12,"s:51:4:51:Infinity":13,"b:51:39:51:49:51:52:51:54":2,"s:53:4:53:Infinity":14,"f:61:9:61:25":4,"s:62:2:87:Infinity":15,"s:63:21:63:46":16,"b:64:4:71:Infinity:undefined:undefined:undefined:undefined":3,"s:64:4:71:Infinity":17,"s:65:6:70:Infinity":18,"s:72:16:72:49":19,"s:73:17:73:32":20,"s:74:4:79:Infinity":21,"b:75:16:75:29:75:33:75:44":4,"b:76:16:76:29:76:33:76:43":5,"b:77:54:77:68:77:71:77:72":6,"b:78:41:78:51:78:54:78:56":7,"s:81:4:86:Infinity":22,"f:93:9:93:25":5,"s:94:2:99:Infinity":23,"s:95:4:95:Infinity":24,"s:96:21:96:46":25,"s:97:20:97:50":26,"s:98:4:98:Infinity":27,"f:105:9:105:17":6,"s:106:14:106:24":28,"s:107:12:107:29":29,"s:108:12:108:55":30,"s:109:12:109:50":31,"s:110:2:110:Infinity":32,"f:122:16:122:34":7,"b:123:2:123:Infinity:undefined:undefined:undefined:undefined":8,"s:123:2:123:Infinity":33,"b:123:6:123:18:123:22:123:43:123:47:123:65":9,"s:123:67:123:Infinity":34,"s:125:2:170:Infinity":35,"s:126:18:126:47":36,"s:127:18:127:28":37,"s:130:19:130:61":38,"f:130:43:130:44":8,"s:130:48:130:59":39,"s:132:4:160:Infinity":40,"b:133:6:133:Infinity:undefined:undefined:undefined:undefined":10,"s:133:6:133:Infinity":41,"b:133:10:133:15:133:19:133:24":11,"s:133:26:133:Infinity":42,"s:134:20:134:82":43,"b:134:69:134:78:134:81:134:82":12,"b:134:20:134:49:134:53:134:66":13,"b:136:6:159:Infinity:147:13:159:Infinity":14,"s:136:6:159:Infinity":44,"s:138:25:138:41":45,"s:139:24:145:9":46,"b:144:21:144:53:144:57:144:87":15,"s:146:8:146:Infinity":47,"s:149:22:157:9":48,"s:158:8:158:Infinity":49,"s:162:25:167:5":50,"s:169:4:169:Infinity":51,"f:181:16:181:29":9,"b:181:54:181:55":16,"s:182:2:189:Infinity":52,"s:183:18:183:50":53,"s:184:4:186:Infinity":54,"f:185:14:185:15":10,"s:185:19:185:42":55,"f:186:12:186:13":11,"s:186:22:186:47":56,"s:188:4:188:Infinity":57,"f:199:16:199:31":12,"s:200:2:209:Infinity":58,"s:201:18:201:50":59,"s:202:4:206:Infinity":60,"f:202:27:202:28":13,"s:203:21:203:49":61,"s:204:21:204:49":62,"s:205:6:205:Infinity":63,"s:208:4:208:Infinity":64,"f:219:16:219:31":14,"s:220:2:238:Infinity":65,"s:221:18:221:47":66,"s:222:19:222:37":67,"s:224:22:224:90":68,"f:224:41:224:42":15,"s:224:46:224:89":69,"b:224:48:224:65:224:69:224:88":17,"b:226:4:226:46:undefined:undefined:undefined:undefined":18,"s:226:4:226:46":70,"s:226:37:226:46":71,"s:228:25:232:5":72,"s:234:4:234:Infinity":73,"s:235:4:235:Infinity":74,"s:237:4:237:Infinity":75,"f:251:16:251:30":16,"s:252:18:252:46":76,"b:252:18:252:29:252:33:252:46":19,"s:253:17:253:47":77,"s:255:2:302:Infinity":78,"b:256:4:256:Infinity:undefined:undefined:undefined:undefined":20,"s:256:4:256:Infinity":79,"s:256:33:256:Infinity":80,"s:258:16:258:55":81,"b:259:4:259:Infinity:undefined:undefined:undefined:undefined":21,"s:259:4:259:Infinity":82,"s:259:14:259:Infinity":83,"s:261:18:261:55":84,"f:261:41:261:42":17,"s:261:46:261:54":85,"b:262:4:262:Infinity:undefined:undefined:undefined:undefined":22,"s:262:4:262:Infinity":86,"s:262:28:262:Infinity":87,"s:266:22:266:31":88,"s:268:4:288:Infinity":89,"s:269:6:287:Infinity":90,"s:270:22:270:38":91,"s:271:47:271:52":92,"b:272:8:272:Infinity:undefined:undefined:undefined:undefined":23,"s:272:8:272:Infinity":93,"b:272:12:272:20:272:24:272:29:272:33:272:38":24,"s:272:40:272:Infinity":94,"b:274:8:276:Infinity:undefined:undefined:undefined:undefined":25,"s:274:8:276:Infinity":95,"s:275:10:275:Infinity":96,"s:278:27:278:49":97,"b:279:8:284:Infinity:282:15:284:Infinity":26,"s:279:8:284:Infinity":98,"s:280:27:280:47":99,"s:281:10:281:Infinity":100,"b:281:79:281:84:281:88:281:89":27,"s:283:10:283:Infinity":101,"b:283:56:283:61:283:65:283:66":28,"s:286:8:286:Infinity":102,"s:291:4:295:Infinity":103,"s:292:20:292:48":104,"s:293:6:293:Infinity":105,"s:294:6:294:Infinity":106,"s:298:4:300:Infinity":107,"s:299:6:299:Infinity":108,"s:304:2:304:Infinity":109}}}
,"/Volumes/AI-Models/tokenshrink/sdk/src/codebook.js": {"path":"/Volumes/AI-Models/tokenshrink/sdk/src/codebook.js","statementMap":{"0":{"start":{"line":9,"column":22},"end":{"line":9,"column":23}},"1":{"start":{"line":10,"column":20},"end":{"line":10,"column":22}},"2":{"start":{"line":11,"column":26},"end":{"line":11,"column":27}},"3":{"start":{"line":12,"column":24},"end":{"line":12,"column":25}},"4":{"start":{"line":15,"column":19},"end":{"line":40,"column":2}},"5":{"start":{"line":47,"column":15},"end":{"line":47,"column":24}},"6":{"start":{"line":50,"column":16},"end":{"line":50,"column":71}},"7":{"start":{"line":51,"column":2},"end":{"line":56,"column":null}},"8":{"start":{"line":52,"column":4},"end":{"line":52,"column":null}},"9":{"start":{"line":52,"column":44},"end":{"line":52,"column":null}},"10":{"start":{"line":53,"column":18},"end":{"line":53,"column":36}},"11":{"start":{"line":54,"column":4},"end":{"line":54,"column":29}},"12":{"start":{"line":54,"column":20},"end":{"line":54,"column":29}},"13":{"start":{"line":55,"column":4},"end":{"line":55,"column":null}},"14":{"start":{"line":59,"column":16},"end":{"line":59,"column":87}},"15":{"start":{"line":60,"column":2},"end":{"line":62,"column":null}},"16":{"start":{"line":61,"column":4},"end":{"line":61,"column":null}},"17":{"start":{"line":65,"column":14},"end":{"line":65,"column":73}},"18":{"start":{"line":66,"column":2},"end":{"line":68,"column":null}},"19":{"start":{"line":67,"column":4},"end":{"line":67,"column":null}},"20":{"start":{"line":70,"column":2},"end":{"line":70,"column":null}},"21":{"start":{"line":78,"column":16},"end":{"line":78,"column":54}},"22":{"start":{"line":79,"column":16},"end":{"line":79,"column":50}},"23":{"start":{"line":81,"column":21},"end":{"line":81,"column":23}},"24":{"start":{"line":84,"column":2},"end":{"line":86,"column":null}},"25":{"start":{"line":85,"column":4},"end":{"line":85,"column":null}},"26":{"start":{"line":85,"column":35},"end":{"line":85,"column":53}},"27":{"start":{"line":89,"column":2},"end":{"line":92,"column":null}},"28":{"start":{"line":90,"column":4},"end":{"line":90,"column":null}},"29":{"start":{"line":91,"column":4},"end":{"line":91,"column":null}},"30":{"start":{"line":95,"column":2},"end":{"line":100,"column":null}},"31":{"start":{"line":96,"column":18},"end":{"line":96,"column":49}},"32":{"start":{"line":97,"column":4},"end":{"line":99,"column":null}},"33":{"start":{"line":98,"column":6},"end":{"line":98,"column":null}},"34":{"start":{"line":102,"column":2},"end":{"line":106,"column":null}},"35":{"start":{"line":103,"column":4},"end":{"line":105,"column":null}},"36":{"start":{"line":104,"column":6},"end":{"line":104,"column":null}},"37":{"start":{"line":109,"column":2},"end":{"line":109,"column":null}},"38":{"start":{"line":121,"column":6},"end":{"line":121,"column":13}},"39":{"start":{"line":123,"column":15},"end":{"line":123,"column":38}},"40":{"start":{"line":124,"column":20},"end":{"line":124,"column":29}},"41":{"start":{"line":125,"column":18},"end":{"line":125,"column":20}},"42":{"start":{"line":128,"column":2},"end":{"line":146,"column":null}},"43":{"start":{"line":129,"column":4},"end":{"line":129,"column":null}},"44":{"start":{"line":129,"column":34},"end":{"line":129,"column":null}},"45":{"start":{"line":130,"column":4},"end":{"line":130,"column":null}},"46":{"start":{"line":130,"column":33},"end":{"line":130,"column":null}},"47":{"start":{"line":132,"column":17},"end":{"line":132,"column":54}},"48":{"start":{"line":133,"column":4},"end":{"line":133,"column":24}},"49":{"start":{"line":133,"column":15},"end":{"line":133,"column":24}},"50":{"start":{"line":135,"column":23},"end":{"line":135,"column":59}},"51":{"start":{"line":136,"column":4},"end":{"line":136,"column":null}},"52":{"start":{"line":136,"column":41},"end":{"line":136,"column":null}},"53":{"start":{"line":138,"column":4},"end":{"line":138,"column":null}},"54":{"start":{"line":139,"column":4},"end":{"line":145,"column":null}},"55":{"start":{"line":149,"column":2},"end":{"line":149,"column":null}},"56":{"start":{"line":149,"column":25},"end":{"line":149,"column":42}},"57":{"start":{"line":150,"column":2},"end":{"line":150,"column":null}},"58":{"start":{"line":158,"column":15},"end":{"line":158,"column":19}},"59":{"start":{"line":159,"column":23},"end":{"line":159,"column":25}},"60":{"start":{"line":161,"column":2},"end":{"line":168,"column":null}},"61":{"start":{"line":163,"column":20},"end":{"line":163,"column":63}},"62":{"start":{"line":164,"column":18},"end":{"line":164,"column":68}},"63":{"start":{"line":165,"column":19},"end":{"line":165,"column":25}},"64":{"start":{"line":166,"column":4},"end":{"line":166,"column":null}},"65":{"start":{"line":167,"column":4},"end":{"line":167,"column":null}},"66":{"start":{"line":167,"column":27},"end":{"line":167,"column":null}},"67":{"start":{"line":170,"column":2},"end":{"line":170,"column":null}},"68":{"start":{"line":178,"column":2},"end":{"line":178,"column":null}},"69":{"start":{"line":178,"column":29},"end":{"line":178,"column":null}},"70":{"start":{"line":180,"column":16},"end":{"line":180,"column":35}},"71":{"start":{"line":181,"column":2},"end":{"line":183,"column":null}},"72":{"start":{"line":182,"column":4},"end":{"line":182,"column":null}},"73":{"start":{"line":184,"column":2},"end":{"line":184,"column":null}},"74":{"start":{"line":186,"column":2},"end":{"line":186,"column":null}}},"fnMap":{"0":{"name":"extractCandidates","decl":{"start":{"line":46,"column":9},"end":{"line":46,"column":26}},"loc":{"start":{"line":46,"column":33},"end":{"line":71,"column":null}},"line":46},"1":{"name":"generateAbbreviation","decl":{"start":{"line":77,"column":9},"end":{"line":77,"column":29}},"loc":{"start":{"line":77,"column":47},"end":{"line":110,"column":null}},"line":77},"2":{"name":"(anonymous_2)","decl":{"start":{"line":85,"column":30},"end":{"line":85,"column":31}},"loc":{"start":{"line":85,"column":35},"end":{"line":85,"column":53}},"line":85},"3":{"name":"generateCodebook","decl":{"start":{"line":116,"column":16},"end":{"line":116,"column":32}},"loc":{"start":{"line":116,"column":53},"end":{"line":151,"column":null}},"line":116},"4":{"name":"(anonymous_4)","decl":{"start":{"line":149,"column":15},"end":{"line":149,"column":16}},"loc":{"start":{"line":149,"column":25},"end":{"line":149,"column":42}},"line":149},"5":{"name":"applyCodebook","decl":{"start":{"line":157,"column":16},"end":{"line":157,"column":29}},"loc":{"start":{"line":157,"column":46},"end":{"line":171,"column":null}},"line":157},"6":{"name":"formatRosettaBlock","decl":{"start":{"line":177,"column":16},"end":{"line":177,"column":34}},"loc":{"start":{"line":177,"column":45},"end":{"line":187,"column":null}},"line":177}},"branchMap":{"0":{"loc":{"start":{"line":50,"column":16},"end":{"line":50,"column":71}},"type":"binary-expr","locations":[{"start":{"line":50,"column":16},"end":{"line":50,"column":65}},{"start":{"line":50,"column":69},"end":{"line":50,"column":71}}],"line":50},"1":{"loc":{"start":{"line":52,"column":4},"end":{"line":52,"column":null}},"type":"if","locations":[{"start":{"line":52,"column":4},"end":{"line":52,"column":null}},{"start":{},"end":{}}],"line":52},"2":{"loc":{"start":{"line":54,"column":4},"end":{"line":54,"column":29}},"type":"if","locations":[{"start":{"line":54,"column":4},"end":{"line":54,"column":29}},{"start":{},"end":{}}],"line":54},"3":{"loc":{"start":{"line":55,"column":20},"end":{"line":55,"column":39}},"type":"binary-expr","locations":[{"start":{"line":55,"column":20},"end":{"line":55,"column":34}},{"start":{"line":55,"column":38},"end":{"line":55,"column":39}}],"line":55},"4":{"loc":{"start":{"line":59,"column":16},"end":{"line":59,"column":87}},"type":"binary-expr","locations":[{"start":{"line":59,"column":16},"end":{"line":59,"column":81}},{"start":{"line":59,"column":85},"end":{"line":59,"column":87}}],"line":59},"5":{"loc":{"start":{"line":61,"column":20},"end":{"line":61,"column":39}},"type":"binary-expr","locations":[{"start":{"line":61,"column":20},"end":{"line":61,"column":34}},{"start":{"line":61,"column":38},"end":{"line":61,"column":39}}],"line":61},"6":{"loc":{"start":{"line":65,"column":14},"end":{"line":65,"column":73}},"type":"binary-expr","locations":[{"start":{"line":65,"column":14},"end":{"line":65,"column":67}},{"start":{"line":65,"column":71},"end":{"line":65,"column":73}}],"line":65},"7":{"loc":{"start":{"line":67,"column":18},"end":{"line":67,"column":35}},"type":"binary-expr","locations":[{"start":{"line":67,"column":18},"end":{"line":67,"column":30}},{"start":{"line":67,"column":34},"end":{"line":67,"column":35}}],"line":67},"8":{"loc":{"start":{"line":84,"column":2},"end":{"line":86,"column":null}},"type":"if","locations":[{"start":{"line":84,"column":2},"end":{"line":86,"column":null}},{"start":{},"end":{}}],"line":84},"9":{"loc":{"start":{"line":89,"column":2},"end":{"line":92,"column":null}},"type":"if","locations":[{"start":{"line":89,"column":2},"end":{"line":92,"column":null}},{"start":{},"end":{}}],"line":89},"10":{"loc":{"start":{"line":95,"column":2},"end":{"line":100,"column":null}},"type":"if","locations":[{"start":{"line":95,"column":2},"end":{"line":100,"column":null}},{"start":{},"end":{}}],"line":95},"11":{"loc":{"start":{"line":97,"column":4},"end":{"line":99,"column":null}},"type":"if","locations":[{"start":{"line":97,"column":4},"end":{"line":99,"column":null}},{"start":{},"end":{}}],"line":97},"12":{"loc":{"start":{"line":103,"column":4},"end":{"line":105,"column":null}},"type":"if","locations":[{"start":{"line":103,"column":4},"end":{"line":105,"column":null}},{"start":{},"end":{}}],"line":103},"13":{"loc":{"start":{"line":103,"column":8},"end":{"line":103,"column":68}},"type":"binary-expr","locations":[{"start":{"line":103,"column":8},"end":{"line":103,"column":24}},{"start":{"line":103,"column":28},"end":{"line":103,"column":44}},{"start":{"line":103,"column":48},"end":{"line":103,"column":68}}],"line":103},"14":{"loc":{"start":{"line":116,"column":39},"end":{"line":116,"column":51}},"type":"default-arg","locations":[{"start":{"line":116,"column":49},"end":{"line":116,"column":51}}],"line":116},"15":{"loc":{"start":{"line":118,"column":4},"end":{"line":118,"column":28}},"type":"default-arg","locations":[{"start":{"line":118,"column":17},"end":{"line":118,"column":28}}],"line":118},"16":{"loc":{"start":{"line":119,"column":4},"end":{"line":119,"column":32}},"type":"default-arg","locations":[{"start":{"line":119,"column":19},"end":{"line":119,"column":32}}],"line":119},"17":{"loc":{"start":{"line":120,"column":4},"end":{"line":120,"column":31}},"type":"default-arg","locations":[{"start":{"line":120,"column":16},"end":{"line":120,"column":31}}],"line":120},"18":{"loc":{"start":{"line":129,"column":4},"end":{"line":129,"column":null}},"type":"if","locations":[{"start":{"line":129,"column":4},"end":{"line":129,"column":null}},{"start":{},"end":{}}],"line":129},"19":{"loc":{"start":{"line":130,"column":4},"end":{"line":130,"column":null}},"type":"if","locations":[{"start":{"line":130,"column":4},"end":{"line":130,"column":null}},{"start":{},"end":{}}],"line":130},"20":{"loc":{"start":{"line":133,"column":4},"end":{"line":133,"column":24}},"type":"if","locations":[{"start":{"line":133,"column":4},"end":{"line":133,"column":24}},{"start":{},"end":{}}],"line":133},"21":{"loc":{"start":{"line":136,"column":4},"end":{"line":136,"column":null}},"type":"if","locations":[{"start":{"line":136,"column":4},"end":{"line":136,"column":null}},{"start":{},"end":{}}],"line":136},"22":{"loc":{"start":{"line":167,"column":4},"end":{"line":167,"column":null}},"type":"if","locations":[{"start":{"line":167,"column":4},"end":{"line":167,"column":null}},{"start":{},"end":{}}],"line":167},"23":{"loc":{"start":{"line":178,"column":2},"end":{"line":178,"column":null}},"type":"if","locations":[{"start":{"line":178,"column":2},"end":{"line":178,"column":null}},{"start":{},"end":{}}],"line":178}},"s":{"0":1,"1":1,"2":1,"3":1,"4":1,"5":6,"6":6,"7":6,"8":130,"9":12,"10":118,"11":118,"12":6,"13":112,"14":6,"15":6,"16":0,"17":6,"18":6,"19":0,"20":6,"21":37,"22":37,"23":37,"24":37,"25":0,"26":0,"27":37,"28":37,"29":37,"30":37,"31":0,"32":0,"33":0,"34":37,"35":66,"36":9,"37":28,"38":6,"39":6,"40":6,"41":6,"42":6,"43":38,"44":1,"45":37,"46":0,"47":37,"48":37,"49":28,"50":9,"51":9,"52":0,"53":9,"54":9,"55":6,"56":4,"57":6,"58":2,"59":2,"60":2,"61":3,"62":3,"63":3,"64":3,"65":3,"66":2,"67":2,"68":2,"69":1,"70":1,"71":1,"72":2,"73":1,"74":1},"f":{"0":6,"1":37,"2":0,"3":6,"4":4,"5":2,"6":2},"b":{"0":[6,0],"1":[12,118],"2":[6,112],"3":[112,38],"4":[6,6],"5":[0,0],"6":[6,6],"7":[0,0],"8":[0,37],"9":[37,0],"10":[0,37],"11":[0,0],"12":[9,57],"13":[66,66,66],"14":[6],"15":[6],"16":[6],"17":[6],"18":[1,37],"19":[0,37],"20":[28,9],"21":[0,9],"22":[2,1],"23":[1,1]},"meta":{"lastBranch":24,"lastFunction":7,"lastStatement":75,"seen":{"s:9:22:9:23":0,"s:10:20:10:22":1,"s:11:26:11:27":2,"s:12:24:12:25":3,"s:15:19:40:2":4,"f:46:9:46:26":0,"s:47:15:47:24":5,"s:50:16:50:71":6,"b:50:16:50:65:50:69:50:71":0,"s:51:2:56:Infinity":7,"b:52:4:52:Infinity:undefined:undefined:undefined:undefined":1,"s:52:4:52:Infinity":8,"s:52:44:52:Infinity":9,"s:53:18:53:36":10,"b:54:4:54:29:undefined:undefined:undefined:undefined":2,"s:54:4:54:29":11,"s:54:20:54:29":12,"s:55:4:55:Infinity":13,"b:55:20:55:34:55:38:55:39":3,"s:59:16:59:87":14,"b:59:16:59:81:59:85:59:87":4,"s:60:2:62:Infinity":15,"s:61:4:61:Infinity":16,"b:61:20:61:34:61:38:61:39":5,"s:65:14:65:73":17,"b:65:14:65:67:65:71:65:73":6,"s:66:2:68:Infinity":18,"s:67:4:67:Infinity":19,"b:67:18:67:30:67:34:67:35":7,"s:70:2:70:Infinity":20,"f:77:9:77:29":1,"s:78:16:78:54":21,"s:79:16:79:50":22,"s:81:21:81:23":23,"b:84:2:86:Infinity:undefined:undefined:undefined:undefined":8,"s:84:2:86:Infinity":24,"s:85:4:85:Infinity":25,"f:85:30:85:31":2,"s:85:35:85:53":26,"b:89:2:92:Infinity:undefined:undefined:undefined:undefined":9,"s:89:2:92:Infinity":27,"s:90:4:90:Infinity":28,"s:91:4:91:Infinity":29,"b:95:2:100:Infinity:undefined:undefined:undefined:undefined":10,"s:95:2:100:Infinity":30,"s:96:18:96:49":31,"b:97:4:99:Infinity:undefined:undefined:undefined:undefined":11,"s:97:4:99:Infinity":32,"s:98:6:98:Infinity":33,"s:102:2:106:Infinity":34,"b:103:4:105:Infinity:undefined:undefined:undefined:undefined":12,"s:103:4:105:Infinity":35,"b:103:8:103:24:103:28:103:44:103:48:103:68":13,"s:104:6:104:Infinity":36,"s:109:2:109:Infinity":37,"f:116:16:116:32":3,"b:116:49:116:51":14,"s:121:6:121:13":38,"b:118:17:118:28":15,"b:119:19:119:32":16,"b:120:16:120:31":17,"s:123:15:123:38":39,"s:124:20:124:29":40,"s:125:18:125:20":41,"s:128:2:146:Infinity":42,"b:129:4:129:Infinity:undefined:undefined:undefined:undefined":18,"s:129:4:129:Infinity":43,"s:129:34:129:Infinity":44,"b:130:4:130:Infinity:undefined:undefined:undefined:undefined":19,"s:130:4:130:Infinity":45,"s:130:33:130:Infinity":46,"s:132:17:132:54":47,"b:133:4:133:24:undefined:undefined:undefined:undefined":20,"s:133:4:133:24":48,"s:133:15:133:24":49,"s:135:23:135:59":50,"b:136:4:136:Infinity:undefined:undefined:undefined:undefined":21,"s:136:4:136:Infinity":51,"s:136:41:136:Infinity":52,"s:138:4:138:Infinity":53,"s:139:4:145:Infinity":54,"s:149:2:149:Infinity":55,"f:149:15:149:16":4,"s:149:25:149:42":56,"s:150:2:150:Infinity":57,"f:157:16:157:29":5,"s:158:15:158:19":58,"s:159:23:159:25":59,"s:161:2:168:Infinity":60,"s:163:20:163:63":61,"s:164:18:164:68":62,"s:165:19:165:25":63,"s:166:4:166:Infinity":64,"b:167:4:167:Infinity:undefined:undefined:undefined:undefined":22,"s:167:4:167:Infinity":65,"s:167:27:167:Infinity":66,"s:170:2:170:Infinity":67,"f:177:16:177:34":6,"b:178:2:178:Infinity:undefined:undefined:undefined:undefined":23,"s:178:2:178:Infinity":68,"s:178:29:178:Infinity":69,"s:180:16:180:35":70,"s:181:2:183:Infinity":71,"s:182:4:182:Infinity":72,"s:184:2:184:Infinity":73,"s:186:2:186:Infinity":74}}}
,"/Volumes/AI-Models/tokenshrink/sdk/src/dictionaries.js": {"path":"/Volumes/AI-Models/tokenshrink/sdk/src/dictionaries.js","statementMap":{"0":{"start":{"line":10,"column":39},"end":{"line":19,"column":2}},"1":{"start":{"line":21,"column":22},"end":{"line":43,"column":1}},"2":{"start":{"line":45,"column":23},"end":{"line":199,"column":1}},"3":{"start":{"line":201,"column":27},"end":{"line":210,"column":1}},"4":{"start":{"line":212,"column":30},"end":{"line":223,"column":1}},"5":{"start":{"line":225,"column":28},"end":{"line":234,"column":1}},"6":{"start":{"line":236,"column":31},"end":{"line":243,"column":1}},"7":{"start":{"line":245,"column":27},"end":{"line":252,"column":1}},"8":{"start":{"line":255,"column":2},"end":{"line":257,"column":null}},"9":{"start":{"line":256,"column":4},"end":{"line":256,"column":null}},"10":{"start":{"line":258,"column":21},"end":{"line":258,"column":40}},"11":{"start":{"line":259,"column":2},"end":{"line":259,"column":null}}},"fnMap":{"0":{"name":"getDictionary","decl":{"start":{"line":254,"column":16},"end":{"line":254,"column":29}},"loc":{"start":{"line":254,"column":38},"end":{"line":260,"column":null}},"line":254}},"branchMap":{"0":{"loc":{"start":{"line":255,"column":2},"end":{"line":257,"column":null}},"type":"if","locations":[{"start":{"line":255,"column":2},"end":{"line":257,"column":null}},{"start":{},"end":{}}],"line":255},"1":{"loc":{"start":{"line":255,"column":6},"end":{"line":255,"column":34}},"type":"binary-expr","locations":[{"start":{"line":255,"column":6},"end":{"line":255,"column":23}},{"start":{"line":255,"column":27},"end":{"line":255,"column":34}}],"line":255},"2":{"loc":{"start":{"line":259,"column":9},"end":{"line":259,"column":90}},"type":"cond-expr","locations":[{"start":{"line":259,"column":22},"end":{"line":259,"column":62}},{"start":{"line":259,"column":65},"end":{"line":259,"column":90}}],"line":259}},"s":{"0":11,"1":11,"2":11,"3":11,"4":11,"5":11,"6":11,"7":11,"8":107,"9":2,"10":105,"11":105},"f":{"0":107},"b":{"0":[2,105],"1":[107,105],"2":[105,0]},"meta":{"lastBranch":3,"lastFunction":1,"lastStatement":12,"seen":{"s:10:39:19:2":0,"s:21:22:43:1":1,"s:45:23:199:1":2,"s:201:27:210:1":3,"s:212:30:223:1":4,"s:225:28:234:1":5,"s:236:31:243:1":6,"s:245:27:252:1":7,"f:254:16:254:29":0,"b:255:2:257:Infinity:undefined:undefined:undefined:undefined":0,"s:255:2:257:Infinity":8,"b:255:6:255:23:255:27:255:34":1,"s:256:4:256:Infinity":9,"s:258:21:258:40":10,"s:259:2:259:Infinity":11,"b:259:22:259:62:259:65:259:90":2}}}
,"/Volumes/AI-Models/tokenshrink/sdk/src/engine.js": {"path":"/Volumes/AI-Models/tokenshrink/sdk/src/engine.js","statementMap":{"0":{"start":{"line":7,"column":34},"end":{"line":7,"column":36}},"1":{"start":{"line":8,"column":26},"end":{"line":8,"column":30}},"2":{"start":{"line":10,"column":22},"end":{"line":10,"column":61}},"3":{"start":{"line":15,"column":2},"end":{"line":21,"column":null}},"4":{"start":{"line":16,"column":4},"end":{"line":20,"column":null}},"5":{"start":{"line":25,"column":90},"end":{"line":25,"column":97}},"6":{"start":{"line":26,"column":23},"end":{"line":26,"column":34}},"7":{"start":{"line":27,"column":23},"end":{"line":27,"column":48}},"8":{"start":{"line":28,"column":24},"end":{"line":28,"column":61}},"9":{"start":{"line":31,"column":2},"end":{"line":53,"column":null}},"10":{"start":{"line":32,"column":4},"end":{"line":52,"column":null}},"11":{"start":{"line":56,"column":19},"end":{"line":58,"column":34}},"12":{"start":{"line":60,"column":14},"end":{"line":60,"column":45}},"13":{"start":{"line":63,"column":19},"end":{"line":63,"column":31}},"14":{"start":{"line":64,"column":28},"end":{"line":64,"column":37}},"15":{"start":{"line":66,"column":24},"end":{"line":68,"column":46}},"16":{"start":{"line":67,"column":23},"end":{"line":67,"column":40}},"17":{"start":{"line":68,"column":20},"end":{"line":68,"column":45}},"18":{"start":{"line":71,"column":26},"end":{"line":81,"column":7}},"19":{"start":{"line":73,"column":6},"end":{"line":73,"column":null}},"20":{"start":{"line":73,"column":68},"end":{"line":73,"column":null}},"21":{"start":{"line":74,"column":21},"end":{"line":74,"column":70}},"22":{"start":{"line":75,"column":6},"end":{"line":75,"column":null}},"23":{"start":{"line":77,"column":30},"end":{"line":81,"column":5}},"24":{"start":{"line":83,"column":2},"end":{"line":91,"column":null}},"25":{"start":{"line":84,"column":21},"end":{"line":84,"column":22}},"26":{"start":{"line":85,"column":17},"end":{"line":85,"column":81}},"27":{"start":{"line":85,"column":52},"end":{"line":85,"column":65}},"28":{"start":{"line":85,"column":66},"end":{"line":85,"column":78}},"29":{"start":{"line":86,"column":4},"end":{"line":90,"column":null}},"30":{"start":{"line":87,"column":6},"end":{"line":87,"column":null}},"31":{"start":{"line":88,"column":18},"end":{"line":88,"column":39}},"32":{"start":{"line":89,"column":6},"end":{"line":89,"column":null}},"33":{"start":{"line":94,"column":22},"end":{"line":96,"column":46}},"34":{"start":{"line":95,"column":23},"end":{"line":95,"column":41}},"35":{"start":{"line":96,"column":20},"end":{"line":96,"column":45}},"36":{"start":{"line":99,"column":24},"end":{"line":110,"column":7}},"37":{"start":{"line":101,"column":6},"end":{"line":101,"column":null}},"38":{"start":{"line":101,"column":25},"end":{"line":101,"column":null}},"39":{"start":{"line":102,"column":6},"end":{"line":102,"column":null}},"40":{"start":{"line":102,"column":64},"end":{"line":102,"column":null}},"41":{"start":{"line":103,"column":21},"end":{"line":103,"column":68}},"42":{"start":{"line":104,"column":6},"end":{"line":104,"column":null}},"43":{"start":{"line":106,"column":28},"end":{"line":110,"column":5}},"44":{"start":{"line":112,"column":2},"end":{"line":120,"column":null}},"45":{"start":{"line":113,"column":21},"end":{"line":113,"column":22}},"46":{"start":{"line":114,"column":17},"end":{"line":114,"column":81}},"47":{"start":{"line":114,"column":52},"end":{"line":114,"column":65}},"48":{"start":{"line":114,"column":66},"end":{"line":114,"column":78}},"49":{"start":{"line":115,"column":4},"end":{"line":119,"column":null}},"50":{"start":{"line":116,"column":6},"end":{"line":116,"column":null}},"51":{"start":{"line":117,"column":18},"end":{"line":117,"column":37}},"52":{"start":{"line":118,"column":6},"end":{"line":118,"column":null}},"53":{"start":{"line":123,"column":27},"end":{"line":123,"column":29}},"54":{"start":{"line":124,"column":2},"end":{"line":127,"column":null}},"55":{"start":{"line":125,"column":36},"end":{"line":125,"column":52}},"56":{"start":{"line":126,"column":4},"end":{"line":126,"column":null}},"57":{"start":{"line":130,"column":30},"end":{"line":130,"column":32}},"58":{"start":{"line":131,"column":25},"end":{"line":131,"column":63}},"59":{"start":{"line":133,"column":19},"end":{"line":133,"column":20}},"60":{"start":{"line":134,"column":2},"end":{"line":142,"column":null}},"61":{"start":{"line":135,"column":18},"end":{"line":135,"column":55}},"62":{"start":{"line":136,"column":4},"end":{"line":141,"column":null}},"63":{"start":{"line":137,"column":19},"end":{"line":137,"column":35}},"64":{"start":{"line":138,"column":6},"end":{"line":138,"column":null}},"65":{"start":{"line":139,"column":6},"end":{"line":139,"column":null}},"66":{"start":{"line":140,"column":6},"end":{"line":140,"column":null}},"67":{"start":{"line":145,"column":2},"end":{"line":154,"column":null}},"68":{"start":{"line":153,"column":47},"end":{"line":153,"column":58}},"69":{"start":{"line":157,"column":17},"end":{"line":157,"column":83}},"70":{"start":{"line":158,"column":22},"end":{"line":158,"column":49}},"71":{"start":{"line":159,"column":23},"end":{"line":159,"column":62}},"72":{"start":{"line":160,"column":25},"end":{"line":160,"column":48}},"73":{"start":{"line":161,"column":26},"end":{"line":161,"column":61}},"74":{"start":{"line":162,"column":31},"end":{"line":162,"column":61}},"75":{"start":{"line":163,"column":32},"end":{"line":163,"column":64}},"76":{"start":{"line":166,"column":21},"end":{"line":166,"column":91}},"77":{"start":{"line":167,"column":22},"end":{"line":167,"column":73}},"78":{"start":{"line":168,"column":22},"end":{"line":168,"column":51}},"79":{"start":{"line":171,"column":20},"end":{"line":171,"column":87}},"80":{"start":{"line":174,"column":2},"end":{"line":196,"column":null}},"81":{"start":{"line":175,"column":4},"end":{"line":195,"column":null}},"82":{"start":{"line":199,"column":25},"end":{"line":199,"column":77}},"83":{"start":{"line":202,"column":2},"end":{"line":204,"column":null}},"84":{"start":{"line":203,"column":4},"end":{"line":203,"column":null}},"85":{"start":{"line":206,"column":2},"end":{"line":230,"column":null}},"86":{"start":{"line":234,"column":2},"end":{"line":234,"column":null}}},"fnMap":{"0":{"name":"pingAnalytics","decl":{"start":{"line":12,"column":9},"end":{"line":12,"column":22}},"loc":{"start":{"line":12,"column":46},"end":{"line":22,"column":null}},"line":12},"1":{"name":"(anonymous_1)","decl":{"start":{"line":20,"column":13},"end":{"line":20,"column":14}},"loc":{"start":{"line":20,"column":19},"end":{"line":20,"column":21}},"line":20},"2":{"name":"compress","decl":{"start":{"line":24,"column":16},"end":{"line":24,"column":24}},"loc":{"start":{"line":24,"column":45},"end":{"line":231,"column":null}},"line":24},"3":{"name":"(anonymous_3)","decl":{"start":{"line":67,"column":12},"end":{"line":67,"column":13}},"loc":{"start":{"line":67,"column":23},"end":{"line":67,"column":40}},"line":67},"4":{"name":"(anonymous_4)","decl":{"start":{"line":68,"column":10},"end":{"line":68,"column":11}},"loc":{"start":{"line":68,"column":20},"end":{"line":68,"column":45}},"line":68},"5":{"name":"(anonymous_5)","decl":{"start":{"line":72,"column":12},"end":{"line":72,"column":13}},"loc":{"start":{"line":72,"column":32},"end":{"line":76,"column":5}},"line":72},"6":{"name":"(anonymous_6)","decl":{"start":{"line":77,"column":9},"end":{"line":77,"column":10}},"loc":{"start":{"line":77,"column":30},"end":{"line":81,"column":5}},"line":77},"7":{"name":"(anonymous_7)","decl":{"start":{"line":85,"column":43},"end":{"line":85,"column":44}},"loc":{"start":{"line":85,"column":50},"end":{"line":85,"column":80}},"line":85},"8":{"name":"(anonymous_8)","decl":{"start":{"line":95,"column":12},"end":{"line":95,"column":13}},"loc":{"start":{"line":95,"column":23},"end":{"line":95,"column":41}},"line":95},"9":{"name":"(anonymous_9)","decl":{"start":{"line":96,"column":10},"end":{"line":96,"column":11}},"loc":{"start":{"line":96,"column":20},"end":{"line":96,"column":45}},"line":96},"10":{"name":"(anonymous_10)","decl":{"start":{"line":100,"column":12},"end":{"line":100,"column":13}},"loc":{"start":{"line":100,"column":30},"end":{"line":105,"column":5}},"line":100},"11":{"name":"(anonymous_11)","decl":{"start":{"line":106,"column":9},"end":{"line":106,"column":10}},"loc":{"start":{"line":106,"column":28},"end":{"line":110,"column":5}},"line":106},"12":{"name":"(anonymous_12)","decl":{"start":{"line":114,"column":43},"end":{"line":114,"column":44}},"loc":{"start":{"line":114,"column":50},"end":{"line":114,"column":80}},"line":114},"13":{"name":"(anonymous_13)","decl":{"start":{"line":153,"column":34},"end":{"line":153,"column":35}},"loc":{"start":{"line":153,"column":47},"end":{"line":153,"column":58}},"line":153},"14":{"name":"escapeRegex","decl":{"start":{"line":233,"column":9},"end":{"line":233,"column":20}},"loc":{"start":{"line":233,"column":26},"end":{"line":235,"column":null}},"line":233}},"branchMap":{"0":{"loc":{"start":{"line":24,"column":31},"end":{"line":24,"column":43}},"type":"default-arg","locations":[{"start":{"line":24,"column":41},"end":{"line":24,"column":43}}],"line":24},"1":{"loc":{"start":{"line":25,"column":10},"end":{"line":25,"column":25}},"type":"default-arg","locations":[{"start":{"line":25,"column":19},"end":{"line":25,"column":25}}],"line":25},"2":{"loc":{"start":{"line":25,"column":53},"end":{"line":25,"column":69}},"type":"default-arg","locations":[{"start":{"line":25,"column":65},"end":{"line":25,"column":69}}],"line":25},"3":{"loc":{"start":{"line":25,"column":71},"end":{"line":25,"column":85}},"type":"default-arg","locations":[{"start":{"line":25,"column":80},"end":{"line":25,"column":85}}],"line":25},"4":{"loc":{"start":{"line":31,"column":2},"end":{"line":53,"column":null}},"type":"if","locations":[{"start":{"line":31,"column":2},"end":{"line":53,"column":null}},{"start":{},"end":{}}],"line":31},"5":{"loc":{"start":{"line":49,"column":23},"end":{"line":49,"column":78}},"type":"cond-expr","locations":[{"start":{"line":49,"column":57},"end":{"line":49,"column":65}},{"start":{"line":49,"column":68},"end":{"line":49,"column":78}}],"line":49},"6":{"loc":{"start":{"line":56,"column":19},"end":{"line":58,"column":34}},"type":"cond-expr","locations":[{"start":{"line":57,"column":6},"end":{"line":57,"column":null}},{"start":{"line":58,"column":5},"end":{"line":58,"column":34}}],"line":56},"7":{"loc":{"start":{"line":73,"column":6},"end":{"line":73,"column":null}},"type":"if","locations":[{"start":{"line":73,"column":6},"end":{"line":73,"column":null}},{"start":{},"end":{}}],"line":73},"8":{"loc":{"start":{"line":73,"column":10},"end":{"line":73,"column":66}},"type":"binary-expr","locations":[{"start":{"line":73,"column":10},"end":{"line":73,"column":34}},{"start":{"line":73,"column":38},"end":{"line":73,"column":66}}],"line":73},"9":{"loc":{"start":{"line":86,"column":4},"end":{"line":90,"column":null}},"type":"if","locations":[{"start":{"line":86,"column":4},"end":{"line":90,"column":null}},{"start":{},"end":{}}],"line":86},"10":{"loc":{"start":{"line":89,"column":34},"end":{"line":89,"column":65}},"type":"binary-expr","locations":[{"start":{"line":89,"column":34},"end":{"line":89,"column":60}},{"start":{"line":89,"column":64},"end":{"line":89,"column":65}}],"line":89},"11":{"loc":{"start":{"line":101,"column":6},"end":{"line":101,"column":null}},"type":"if","locations":[{"start":{"line":101,"column":6},"end":{"line":101,"column":null}},{"start":{},"end":{}}],"line":101},"12":{"loc":{"start":{"line":102,"column":6},"end":{"line":102,"column":null}},"type":"if","locations":[{"start":{"line":102,"column":6},"end":{"line":102,"column":null}},{"start":{},"end":{}}],"line":102},"13":{"loc":{"start":{"line":102,"column":10},"end":{"line":102,"column":62}},"type":"binary-expr","locations":[{"start":{"line":102,"column":10},"end":{"line":102,"column":32}},{"start":{"line":102,"column":36},"end":{"line":102,"column":62}}],"line":102},"14":{"loc":{"start":{"line":115,"column":4},"end":{"line":119,"column":null}},"type":"if","locations":[{"start":{"line":115,"column":4},"end":{"line":119,"column":null}},{"start":{},"end":{}}],"line":115},"15":{"loc":{"start":{"line":118,"column":34},"end":{"line":118,"column":65}},"type":"binary-expr","locations":[{"start":{"line":118,"column":34},"end":{"line":118,"column":60}},{"start":{"line":118,"column":64},"end":{"line":118,"column":65}}],"line":118},"16":{"loc":{"start":{"line":136,"column":4},"end":{"line":141,"column":null}},"type":"if","locations":[{"start":{"line":136,"column":4},"end":{"line":141,"column":null}},{"start":{},"end":{}}],"line":136},"17":{"loc":{"start":{"line":166,"column":21},"end":{"line":166,"column":91}},"type":"cond-expr","locations":[{"start":{"line":166,"column":49},"end":{"line":166,"column":87}},{"start":{"line":166,"column":90},"end":{"line":166,"column":91}}],"line":166},"18":{"loc":{"start":{"line":171,"column":20},"end":{"line":171,"column":87}},"type":"cond-expr","locations":[{"start":{"line":171,"column":47},"end":{"line":171,"column":83}},{"start":{"line":171,"column":86},"end":{"line":171,"column":87}}],"line":171},"19":{"loc":{"start":{"line":174,"column":2},"end":{"line":196,"column":null}},"type":"if","locations":[{"start":{"line":174,"column":2},"end":{"line":196,"column":null}},{"start":{},"end":{}}],"line":174},"20":{"loc":{"start":{"line":174,"column":6},"end":{"line":174,"column":81}},"type":"binary-expr","locations":[{"start":{"line":174,"column":6},"end":{"line":174,"column":42}},{"start":{"line":174,"column":46},"end":{"line":174,"column":81}}],"line":174},"21":{"loc":{"start":{"line":192,"column":23},"end":{"line":192,"column":78}},"type":"cond-expr","locations":[{"start":{"line":192,"column":57},"end":{"line":192,"column":65}},{"start":{"line":192,"column":68},"end":{"line":192,"column":78}}],"line":192},"22":{"loc":{"start":{"line":199,"column":25},"end":{"line":199,"column":77}},"type":"cond-expr","locations":[{"start":{"line":199,"column":35},"end":{"line":199,"column":64}},{"start":{"line":199,"column":67},"end":{"line":199,"column":77}}],"line":199},"23":{"loc":{"start":{"line":202,"column":2},"end":{"line":204,"column":null}},"type":"if","locations":[{"start":{"line":202,"column":2},"end":{"line":204,"column":null}},{"start":{},"end":{}}],"line":202},"24":{"loc":{"start":{"line":202,"column":6},"end":{"line":202,"column":34}},"type":"binary-expr","locations":[{"start":{"line":202,"column":6},"end":{"line":202,"column":15}},{"start":{"line":202,"column":19},"end":{"line":202,"column":34}}],"line":202},"25":{"loc":{"start":{"line":228,"column":21},"end":{"line":228,"column":76}},"type":"cond-expr","locations":[{"start":{"line":228,"column":55},"end":{"line":228,"column":63}},{"start":{"line":228,"column":66},"end":{"line":228,"column":76}}],"line":228}},"s":{"0":9,"1":9,"2":9,"3":95,"4":95,"5":139,"6":139,"7":139,"8":139,"9":139,"10":38,"11":101,"12":139,"13":139,"14":139,"15":139,"16":16092,"17":81716,"18":139,"19":14242,"20":0,"21":14242,"22":14242,"23":14242,"24":139,"25":14242,"26":14242,"27":2329,"28":2329,"29":14242,"30":476,"31":476,"32":476,"33":101,"34":16092,"35":5387,"36":101,"37":1850,"38":0,"39":1850,"40":0,"41":1850,"42":1850,"43":1850,"44":101,"45":1850,"46":1850,"47":72,"48":72,"49":1850,"50":71,"51":71,"52":71,"53":101,"54":101,"55":547,"56":547,"57":101,"58":101,"59":101,"60":101,"61":73,"62":73,"63":8,"64":8,"65":8,"66":8,"67":101,"68":820,"69":101,"70":101,"71":101,"72":101,"73":101,"74":101,"75":101,"76":101,"77":139,"78":139,"79":139,"80":139,"81":6,"82":95,"83":139,"84":95,"85":95,"86":16165},"f":{"0":95,"1":0,"2":139,"3":16092,"4":81716,"5":14242,"6":14242,"7":2329,"8":16092,"9":5387,"10":1850,"11":1850,"12":72,"13":820,"14":16165},"b":{"0":[139],"1":[139],"2":[139],"3":[139],"4":[38,101],"5":[2,36],"6":[1,100],"7":[0,14242],"8":[14242,14242],"9":[476,13766],"10":[476,476],"11":[0,1850],"12":[0,1850],"13":[1850,1850],"14":[71,1779],"15":[71,71],"16":[8,65],"17":[101,0],"18":[101,0],"19":[6,133],"20":[139,7],"21":[0,6],"22":[11,84],"23":[95,44],"24":[139,95],"25":[1,94]},"meta":{"lastBranch":26,"lastFunction":15,"lastStatement":87,"seen":{"s:7:34:7:36":0,"s:8:26:8:30":1,"s:10:22:10:61":2,"f:12:9:12:22":0,"s:15:2:21:Infinity":3,"s:16:4:20:Infinity":4,"f:20:13:20:14":1,"f:24:16:24:24":2,"b:24:41:24:43":0,"s:25:90:25:97":5,"b:25:19:25:25":1,"b:25:65:25:69":2,"b:25:80:25:85":3,"s:26:23:26:34":6,"s:27:23:27:48":7,"s:28:24:28:61":8,"b:31:2:53:Infinity:undefined:undefined:undefined:undefined":4,"s:31:2:53:Infinity":9,"s:32:4:52:Infinity":10,"b:49:57:49:65:49:68:49:78":5,"s:56:19:58:34":11,"b:57:6:57:Infinity:58:5:58:34":6,"s:60:14:60:45":12,"s:63:19:63:31":13,"s:64:28:64:37":14,"s:66:24:68:46":15,"f:67:12:67:13":3,"s:67:23:67:40":16,"f:68:10:68:11":4,"s:68:20:68:45":17,"s:71:26:81:7":18,"f:72:12:72:13":5,"b:73:6:73:Infinity:undefined:undefined:undefined:undefined":7,"s:73:6:73:Infinity":19,"b:73:10:73:34:73:38:73:66":8,"s:73:68:73:Infinity":20,"s:74:21:74:70":21,"s:75:6:75:Infinity":22,"f:77:9:77:10":6,"s:77:30:81:5":23,"s:83:2:91:Infinity":24,"s:84:21:84:22":25,"s:85:17:85:81":26,"f:85:43:85:44":7,"s:85:52:85:65":27,"s:85:66:85:78":28,"b:86:4:90:Infinity:undefined:undefined:undefined:undefined":9,"s:86:4:90:Infinity":29,"s:87:6:87:Infinity":30,"s:88:18:88:39":31,"s:89:6:89:Infinity":32,"b:89:34:89:60:89:64:89:65":10,"s:94:22:96:46":33,"f:95:12:95:13":8,"s:95:23:95:41":34,"f:96:10:96:11":9,"s:96:20:96:45":35,"s:99:24:110:7":36,"f:100:12:100:13":10,"b:101:6:101:Infinity:undefined:undefined:undefined:undefined":11,"s:101:6:101:Infinity":37,"s:101:25:101:Infinity":38,"b:102:6:102:Infinity:undefined:undefined:undefined:undefined":12,"s:102:6:102:Infinity":39,"b:102:10:102:32:102:36:102:62":13,"s:102:64:102:Infinity":40,"s:103:21:103:68":41,"s:104:6:104:Infinity":42,"f:106:9:106:10":11,"s:106:28:110:5":43,"s:112:2:120:Infinity":44,"s:113:21:113:22":45,"s:114:17:114:81":46,"f:114:43:114:44":12,"s:114:52:114:65":47,"s:114:66:114:78":48,"b:115:4:119:Infinity:undefined:undefined:undefined:undefined":14,"s:115:4:119:Infinity":49,"s:116:6:116:Infinity":50,"s:117:18:117:37":51,"s:118:6:118:Infinity":52,"b:118:34:118:60:118:64:118:65":15,"s:123:27:123:29":53,"s:124:2:127:Infinity":54,"s:125:36:125:52":55,"s:126:4:126:Infinity":56,"s:130:30:130:32":57,"s:131:25:131:63":58,"s:133:19:133:20":59,"s:134:2:142:Infinity":60,"s:135:18:135:55":61,"b:136:4:141:Infinity:undefined:undefined:undefined:undefined":16,"s:136:4:141:Infinity":62,"s:137:19:137:35":63,"s:138:6:138:Infinity":64,"s:139:6:139:Infinity":65,"s:140:6:140:Infinity":66,"s:145:2:154:Infinity":67,"f:153:34:153:35":13,"s:153:47:153:58":68,"s:157:17:157:83":69,"s:158:22:158:49":70,"s:159:23:159:62":71,"s:160:25:160:48":72,"s:161:26:161:61":73,"s:162:31:162:61":74,"s:163:32:163:64":75,"s:166:21:166:91":76,"b:166:49:166:87:166:90:166:91":17,"s:167:22:167:73":77,"s:168:22:168:51":78,"s:171:20:171:87":79,"b:171:47:171:83:171:86:171:87":18,"b:174:2:196:Infinity:undefined:undefined:undefined:undefined":19,"s:174:2:196:Infinity":80,"b:174:6:174:42:174:46:174:81":20,"s:175:4:195:Infinity":81,"b:192:57:192:65:192:68:192:78":21,"s:199:25:199:77":82,"b:199:35:199:64:199:67:199:77":22,"b:202:2:204:Infinity:undefined:undefined:undefined:undefined":23,"s:202:2:204:Infinity":83,"b:202:6:202:15:202:19:202:34":24,"s:203:4:203:Infinity":84,"s:206:2:230:Infinity":85,"b:228:55:228:63:228:66:228:76":25,"f:233:9:233:20":14,"s:234:2:234:Infinity":86}}}
,"/Volumes/AI-Models/tokenshrink/sdk/src/history.js": {"path":"/Volumes/AI-Models/tokenshrink/sdk/src/history.js","statementMap":{"0":{"start":{"line":22,"column":2},"end":{"line":24,"column":null}},"1":{"start":{"line":23,"column":4},"end":{"line":23,"column":null}},"2":{"start":{"line":26,"column":20},"end":{"line":26,"column":85}},"3":{"start":{"line":27,"column":20},"end":{"line":27,"column":47}},"4":{"start":{"line":29,"column":26},"end":{"line":29,"column":27}},"5":{"start":{"line":30,"column":25},"end":{"line":30,"column":26}},"6":{"start":{"line":31,"column":27},"end":{"line":31,"column":28}},"7":{"start":{"line":33,"column":29},"end":{"line":53,"column":4}},"8":{"start":{"line":34,"column":4},"end":{"line":34,"column":null}},"9":{"start":{"line":34,"column":49},"end":{"line":34,"column":null}},"10":{"start":{"line":38,"column":4},"end":{"line":40,"column":null}},"11":{"start":{"line":39,"column":6},"end":{"line":39,"column":null}},"12":{"start":{"line":42,"column":18},"end":{"line":42,"column":44}},"13":{"start":{"line":44,"column":4},"end":{"line":44,"column":null}},"14":{"start":{"line":45,"column":4},"end":{"line":45,"column":null}},"15":{"start":{"line":48,"column":4},"end":{"line":50,"column":null}},"16":{"start":{"line":49,"column":6},"end":{"line":49,"column":null}},"17":{"start":{"line":52,"column":4},"end":{"line":52,"column":null}},"18":{"start":{"line":55,"column":27},"end":{"line":55,"column":63}},"19":{"start":{"line":57,"column":2},"end":{"line":72,"column":null}},"20":{"start":{"line":58,"column":4},"end":{"line":71,"column":null}},"21":{"start":{"line":59,"column":6},"end":{"line":68,"column":null}},"22":{"start":{"line":74,"column":2},"end":{"line":82,"column":null}}},"fnMap":{"0":{"name":"compressHistory","decl":{"start":{"line":21,"column":16},"end":{"line":21,"column":31}},"loc":{"start":{"line":21,"column":56},"end":{"line":83,"column":null}},"line":21},"1":{"name":"(anonymous_1)","decl":{"start":{"line":33,"column":42},"end":{"line":33,"column":43}},"loc":{"start":{"line":33,"column":55},"end":{"line":53,"column":3}},"line":33},"2":{"name":"(anonymous_2)","decl":{"start":{"line":68,"column":15},"end":{"line":68,"column":16}},"loc":{"start":{"line":68,"column":21},"end":{"line":68,"column":23}},"line":68}},"branchMap":{"0":{"loc":{"start":{"line":21,"column":42},"end":{"line":21,"column":54}},"type":"default-arg","locations":[{"start":{"line":21,"column":52},"end":{"line":21,"column":54}}],"line":21},"1":{"loc":{"start":{"line":22,"column":2},"end":{"line":24,"column":null}},"type":"if","locations":[{"start":{"line":22,"column":2},"end":{"line":24,"column":null}},{"start":{},"end":{}}],"line":22},"2":{"loc":{"start":{"line":26,"column":20},"end":{"line":26,"column":85}},"type":"cond-expr","locations":[{"start":{"line":26,"column":55},"end":{"line":26,"column":72}},{"start":{"line":26,"column":75},"end":{"line":26,"column":85}}],"line":26},"3":{"loc":{"start":{"line":34,"column":4},"end":{"line":34,"column":null}},"type":"if","locations":[{"start":{"line":34,"column":4},"end":{"line":34,"column":null}},{"start":{},"end":{}}],"line":34},"4":{"loc":{"start":{"line":34,"column":8},"end":{"line":34,"column":47}},"type":"binary-expr","locations":[{"start":{"line":34,"column":8},"end":{"line":34,"column":16}},{"start":{"line":34,"column":20},"end":{"line":34,"column":47}}],"line":34},"5":{"loc":{"start":{"line":38,"column":4},"end":{"line":40,"column":null}},"type":"if","locations":[{"start":{"line":38,"column":4},"end":{"line":40,"column":null}},{"start":{},"end":{}}],"line":38},"6":{"loc":{"start":{"line":38,"column":8},"end":{"line":38,"column":79}},"type":"binary-expr","locations":[{"start":{"line":38,"column":8},"end":{"line":38,"column":40}},{"start":{"line":38,"column":44},"end":{"line":38,"column":79}}],"line":38},"7":{"loc":{"start":{"line":48,"column":4},"end":{"line":50,"column":null}},"type":"if","locations":[{"start":{"line":48,"column":4},"end":{"line":50,"column":null}},{"start":{},"end":{}}],"line":48},"8":{"loc":{"start":{"line":57,"column":2},"end":{"line":72,"column":null}},"type":"if","locations":[{"start":{"line":57,"column":2},"end":{"line":72,"column":null}},{"start":{},"end":{}}],"line":57},"9":{"loc":{"start":{"line":57,"column":6},"end":{"line":57,"column":40}},"type":"binary-expr","locations":[{"start":{"line":57,"column":6},"end":{"line":57,"column":15}},{"start":{"line":57,"column":19},"end":{"line":57,"column":40}}],"line":57}},"s":{"0":25,"1":1,"2":24,"3":25,"4":25,"5":25,"6":25,"7":25,"8":37,"9":0,"10":37,"11":11,"12":26,"13":26,"14":26,"15":26,"16":21,"17":26,"18":25,"19":25,"20":18,"21":18,"22":24},"f":{"0":25,"1":37,"2":0},"b":{"0":[25],"1":[1,24],"2":[2,22],"3":[0,37],"4":[37,37],"5":[11,26],"6":[37,31],"7":[21,5],"8":[18,7],"9":[25,23]},"meta":{"lastBranch":10,"lastFunction":3,"lastStatement":23,"seen":{"f:21:16:21:31":0,"b:21:52:21:54":0,"b:22:2:24:Infinity:undefined:undefined:undefined:undefined":1,"s:22:2:24:Infinity":0,"s:23:4:23:Infinity":1,"s:26:20:26:85":2,"b:26:55:26:72:26:75:26:85":2,"s:27:20:27:47":3,"s:29:26:29:27":4,"s:30:25:30:26":5,"s:31:27:31:28":6,"s:33:29:53:4":7,"f:33:42:33:43":1,"b:34:4:34:Infinity:undefined:undefined:undefined:undefined":3,"s:34:4:34:Infinity":8,"b:34:8:34:16:34:20:34:47":4,"s:34:49:34:Infinity":9,"b:38:4:40:Infinity:undefined:undefined:undefined:undefined":5,"s:38:4:40:Infinity":10,"b:38:8:38:40:38:44:38:79":6,"s:39:6:39:Infinity":11,"s:42:18:42:44":12,"s:44:4:44:Infinity":13,"s:45:4:45:Infinity":14,"b:48:4:50:Infinity:undefined:undefined:undefined:undefined":7,"s:48:4:50:Infinity":15,"s:49:6:49:Infinity":16,"s:52:4:52:Infinity":17,"s:55:27:55:63":18,"b:57:2:72:Infinity:undefined:undefined:undefined:undefined":8,"s:57:2:72:Infinity":19,"b:57:6:57:15:57:19:57:40":9,"s:58:4:71:Infinity":20,"s:59:6:68:Infinity":21,"f:68:15:68:16":2,"s:74:2:82:Infinity":22}}}
,"/Volumes/AI-Models/tokenshrink/sdk/src/index.js": {"path":"/Volumes/AI-Models/tokenshrink/sdk/src/index.js","statementMap":{},"fnMap":{},"branchMap":{},"s":{},"f":{},"b":{},"meta":{"lastBranch":0,"lastFunction":0,"lastStatement":0,"seen":{}}}
[...]
,"/Volumes/AI-Models/tokenshrink/sdk/src/token-costs.js": {"path":"/Volumes/AI-Models/tokenshrink/sdk/src/token-costs.js","statementMap":{"0":{"start":{"line":11,"column":27},"end":{"line":600,"column":1}},"1":{"start":{"line":606,"column":28},"end":{"line":741,"column":2}},"2":{"start":{"line":747,"column":32},"end":{"line":793,"column":2}}},"fnMap":{},"branchMap":{},"s":{"0":14,"1":14,"2":14},"f":{},"b":{},"meta":{"lastBranch":0,"lastFunction":0,"lastStatement":3,"seen":{"s:11:27:600:1":0,"s:606:28:741:2":1,"s:747:32:793:2":2}}}
,"/Volumes/AI-Models/tokenshrink/sdk/src/utils.js": {"path":"/Volumes/AI-Models/tokenshrink/sdk/src/utils.js","statementMap":{"0":{"start":{"line":4,"column":38},"end":{"line":4,"column":43}},"1":{"start":{"line":7,"column":2},"end":{"line":7,"column":null}},"2":{"start":{"line":12,"column":2},"end":{"line":12,"column":null}},"3":{"start":{"line":16,"column":2},"end":{"line":16,"column":null}},"4":{"start":{"line":30,"column":2},"end":{"line":30,"column":null}},"5":{"start":{"line":30,"column":29},"end":{"line":30,"column":null}},"6":{"start":{"line":33,"column":2},"end":{"line":35,"column":null}},"7":{"start":{"line":34,"column":4},"end":{"line":34,"column":null}},"8":{"start":{"line":38,"column":16},"end":{"line":38,"column":56}},"9":{"start":{"line":39,"column":14},"end":{"line":39,"column":15}},"10":{"start":{"line":41,"column":2},"end":{"line":52,"column":null}},"11":{"start":{"line":42,"column":18},"end":{"line":42,"column":36}},"12":{"start":{"line":44,"column":18},"end":{"line":44,"column":79}},"13":{"start":{"line":46,"column":4},"end":{"line":51,"column":null}},"14":{"start":{"line":47,"column":6},"end":{"line":47,"column":null}},"15":{"start":{"line":50,"column":6},"end":{"line":50,"column":null}},"16":{"start":{"line":54,"column":2},"end":{"line":54,"column":null}},"17":{"start":{"line":66,"column":2},"end":{"line":66,"column":null}},"18":{"start":{"line":66,"column":42},"end":{"line":66,"column":null}},"19":{"start":{"line":68,"column":21},"end":{"line":68,"column":53}},"20":{"start":{"line":69,"column":21},"end":{"line":69,"column":81}},"21":{"start":{"line":71,"column":2},"end":{"line":71,"column":null}}},"fnMap":{"0":{"name":"countWords","decl":{"start":{"line":6,"column":16},"end":{"line":6,"column":26}},"loc":{"start":{"line":6,"column":33},"end":{"line":8,"column":null}},"line":6},"1":{"name":"wordsToTokens","decl":{"start":{"line":11,"column":16},"end":{"line":11,"column":29}},"loc":{"start":{"line":11,"column":37},"end":{"line":13,"column":null}},"line":11},"2":{"name":"tokensToDollars","decl":{"start":{"line":15,"column":16},"end":{"line":15,"column":31}},"loc":{"start":{"line":15,"column":40},"end":{"line":17,"column":null}},"line":15},"3":{"name":"countTokens","decl":{"start":{"line":29,"column":16},"end":{"line":29,"column":27}},"loc":{"start":{"line":29,"column":45},"end":{"line":55,"column":null}},"line":29},"4":{"name":"replacementTokenSavings","decl":{"start":{"line":65,"column":16},"end":{"line":65,"column":39}},"loc":{"start":{"line":65,"column":74},"end":{"line":72,"column":null}},"line":65}},"branchMap":{"0":{"loc":{"start":{"line":30,"column":2},"end":{"line":30,"column":null}},"type":"if","locations":[{"start":{"line":30,"column":2},"end":{"line":30,"column":null}},{"start":{},"end":{}}],"line":30},"1":{"loc":{"start":{"line":30,"column":6},"end":{"line":30,"column":27}},"type":"binary-expr","locations":[{"start":{"line":30,"column":6},"end":{"line":30,"column":11}},{"start":{"line":30,"column":15},"end":{"line":30,"column":27}}],"line":30},"2":{"loc":{"start":{"line":33,"column":2},"end":{"line":35,"column":null}},"type":"if","locations":[{"start":{"line":33,"column":2},"end":{"line":35,"column":null}},{"start":{},"end":{}}],"line":33},"3":{"loc":{"start":{"line":46,"column":4},"end":{"line":51,"column":null}},"type":"if","locations":[{"start":{"line":46,"column":4},"end":{"line":51,"column":null}},{"start":{"line":48,"column":11},"end":{"line":51,"column":null}}],"line":46},"4":{"loc":{"start":{"line":66,"column":2},"end":{"line":66,"column":null}},"type":"if","locations":[{"start":{"line":66,"column":2},"end":{"line":66,"column":null}},{"start":{},"end":{}}],"line":66},"5":{"loc":{"start":{"line":66,"column":6},"end":{"line":66,"column":40}},"type":"binary-expr","locations":[{"start":{"line":66,"column":6},"end":{"line":66,"column":18}},{"start":{"line":66,"column":22},"end":{"line":66,"column":40}}],"line":66},"6":{"loc":{"start":{"line":69,"column":21},"end":{"line":69,"column":81}},"type":"cond-expr","locations":[{"start":{"line":69,"column":42},"end":{"line":69,"column":43}},{"start":{"line":69,"column":46},"end":{"line":69,"column":81}}],"line":69}},"s":{"0":13,"1":260,"2":2,"3":105,"4":29430,"5":7,"6":29423,"7":295,"8":29128,"9":29128,"10":29128,"11":90086,"12":90086,"13":90086,"14":33038,"15":57048,"16":29128,"17":16106,"18":0,"19":16106,"20":16106,"21":16106},"f":{"0":260,"1":2,"2":105,"3":29430,"4":16106},"b":{"0":[7,29423],"1":[29430,29424],"2":[295,29128],"3":[33038,57048],"4":[0,16106],"5":[16106,3839],"6":[3839,12267]},"meta":{"lastBranch":7,"lastFunction":5,"lastStatement":22,"seen":{"s:4:38:4:43":0,"f:6:16:6:26":0,"s:7:2:7:Infinity":1,"f:11:16:11:29":1,"s:12:2:12:Infinity":2,"f:15:16:15:31":2,"s:16:2:16:Infinity":3,"f:29:16:29:27":3,"b:30:2:30:Infinity:undefined:undefined:undefined:undefined":0,"s:30:2:30:Infinity":4,"b:30:6:30:11:30:15:30:27":1,"s:30:29:30:Infinity":5,"b:33:2:35:Infinity:undefined:undefined:undefined:undefined":2,"s:33:2:35:Infinity":6,"s:34:4:34:Infinity":7,"s:38:16:38:56":8,"s:39:14:39:15":9,"s:41:2:52:Infinity":10,"s:42:18:42:36":11,"s:44:18:44:79":12,"b:46:4:51:Infinity:48:11:51:Infinity":3,"s:46:4:51:Infinity":13,"s:47:6:47:Infinity":14,"s:50:6:50:Infinity":15,"s:54:2:54:Infinity":16,"f:65:16:65:39":4,"b:66:2:66:Infinity:undefined:undefined:undefined:undefined":4,"s:66:2:66:Infinity":17,"b:66:6:66:18:66:22:66:40":5,"s:66:42:66:Infinity":18,"s:68:21:68:53":19,"s:69:21:69:81":20,"b:69:42:69:43:69:46:69:81":6,"s:71:2:71:Infinity":21}}}
,"/Volumes/AI-Models/tokenshrink/sdk/src/domains/index.js": {"path":"/Volumes/AI-Models/tokenshrink/sdk/src/domains/index.js","statementMap":{"0":{"start":{"line":14,"column":31},"end":{"line":19,"column":1}},"1":{"start":{"line":31,"column":26},"end":{"line":31,"column":28}},"2":{"start":{"line":32,"column":14},"end":{"line":32,"column":50}},"3":{"start":{"line":34,"column":2},"end":{"line":56,"column":null}},"4":{"start":{"line":35,"column":20},"end":{"line":35,"column":39}},"5":{"start":{"line":38,"column":4},"end":{"line":40,"column":null}},"6":{"start":{"line":39,"column":6},"end":{"line":39,"column":null}},"7":{"start":{"line":43,"column":4},"end":{"line":45,"column":null}},"8":{"start":{"line":44,"column":6},"end":{"line":44,"column":null}},"9":{"start":{"line":48,"column":4},"end":{"line":50,"column":null}},"10":{"start":{"line":49,"column":6},"end":{"line":49,"column":null}},"11":{"start":{"line":53,"column":4},"end":{"line":55,"column":null}},"12":{"start":{"line":54,"column":6},"end":{"line":54,"column":null}},"13":{"start":{"line":59,"column":19},"end":{"line":61,"column":3}},"14":{"start":{"line":60,"column":40},"end":{"line":60,"column":63}},"15":{"start":{"line":63,"column":2},"end":{"line":63,"column":null}},"16":{"start":{"line":76,"column":2},"end":{"line":76,"column":null}},"17":{"start":{"line":76,"column":49},"end":{"line":76,"column":null}},"18":{"start":{"line":77,"column":2},"end":{"line":77,"column":null}},"19":{"start":{"line":77,"column":35},"end":{"line":77,"column":null}},"20":{"start":{"line":78,"column":2},"end":{"line":82,"column":null}},"21":{"start":{"line":79,"column":4},"end":{"line":79,"column":null}},"22":{"start":{"line":81,"column":4},"end":{"line":81,"column":null}},"23":{"start":{"line":92,"column":19},"end":{"line":96,"column":3}},"24":{"start":{"line":97,"column":16},"end":{"line":97,"column":25}},"25":{"start":{"line":98,"column":2},"end":{"line":104,"column":null}},"26":{"start":{"line":99,"column":4},"end":{"line":103,"column":null}},"27":{"start":{"line":100,"column":6},"end":{"line":102,"column":null}},"28":{"start":{"line":101,"column":8},"end":{"line":101,"column":null}},"29":{"start":{"line":105,"column":2},"end":{"line":105,"column":null}},"30":{"start":{"line":116,"column":2},"end":{"line":116,"column":null}},"31":{"start":{"line":116,"column":35},"end":{"line":116,"column":49}},"32":{"start":{"line":126,"column":2},"end":{"line":138,"column":null}},"33":{"start":{"line":127,"column":27},"end":{"line":127,"column":40}},"34":{"start":{"line":128,"column":24},"end":{"line":128,"column":39}},"35":{"start":{"line":129,"column":16},"end":{"line":129,"column":36}},"36":{"start":{"line":130,"column":4},"end":{"line":135,"column":null}},"37":{"start":{"line":137,"column":4},"end":{"line":137,"column":null}},"38":{"start":{"line":148,"column":15},"end":{"line":148,"column":24}},"39":{"start":{"line":149,"column":17},"end":{"line":149,"column":19}},"40":{"start":{"line":150,"column":2},"end":{"line":156,"column":null}},"41":{"start":{"line":151,"column":16},"end":{"line":151,"column":26}},"42":{"start":{"line":152,"column":4},"end":{"line":155,"column":null}},"43":{"start":{"line":153,"column":6},"end":{"line":153,"column":null}},"44":{"start":{"line":154,"column":6},"end":{"line":154,"column":null}},"45":{"start":{"line":157,"column":2},"end":{"line":157,"column":null}}},"fnMap":{"0":{"name":"getDomainVocab","decl":{"start":{"line":30,"column":16},"end":{"line":30,"column":30}},"loc":{"start":{"line":30,"column":63},"end":{"line":64,"column":null}},"line":30},"1":{"name":"(anonymous_1)","decl":{"start":{"line":60,"column":28},"end":{"line":60,"column":29}},"loc":{"start":{"line":60,"column":40},"end":{"line":60,"column":63}},"line":60},"2":{"name":"parsePackageJson","decl":{"start":{"line":75,"column":9},"end":{"line":75,"column":25}},"loc":{"start":{"line":75,"column":35},"end":{"line":83,"column":null}},"line":75},"3":{"name":"collectAllDeps","decl":{"start":{"line":91,"column":9},"end":{"line":91,"column":23}},"loc":{"start":{"line":91,"column":29},"end":{"line":106,"column":null}},"line":91},"4":{"name":"hasAny","decl":{"start":{"line":115,"column":9},"end":{"line":115,"column":15}},"loc":{"start":{"line":115,"column":34},"end":{"line":117,"column":null}},"line":115},"5":{"name":"(anonymous_5)","decl":{"start":{"line":116,"column":25},"end":{"line":116,"column":26}},"loc":{"start":{"line":116,"column":35},"end":{"line":116,"column":49}},"line":116},"6":{"name":"hasPythonSignals","decl":{"start":{"line":125,"column":9},"end":{"line":125,"column":25}},"loc":{"start":{"line":125,"column":38},"end":{"line":139,"column":null}},"line":125},"7":{"name":"deduplicateVocab","decl":{"start":{"line":147,"column":9},"end":{"line":147,"column":25}},"loc":{"start":{"line":147,"column":35},"end":{"line":158,"column":null}},"line":147}},"branchMap":{"0":{"loc":{"start":{"line":30,"column":51},"end":{"line":30,"column":61}},"type":"default-arg","locations":[{"start":{"line":30,"column":57},"end":{"line":30,"column":61}}],"line":30},"1":{"loc":{"start":{"line":34,"column":2},"end":{"line":56,"column":null}},"type":"if","locations":[{"start":{"line":34,"column":2},"end":{"line":56,"column":null}},{"start":{"line":51,"column":9},"end":{"line":56,"column":null}}],"line":34},"2":{"loc":{"start":{"line":38,"column":4},"end":{"line":40,"column":null}},"type":"if","locations":[{"start":{"line":38,"column":4},"end":{"line":40,"column":null}},{"start":{},"end":{}}],"line":38},"3":{"loc":{"start":{"line":43,"column":4},"end":{"line":45,"column":null}},"type":"if","locations":[{"start":{"line":43,"column":4},"end":{"line":45,"column":null}},{"start":{},"end":{}}],"line":43},"4":{"loc":{"start":{"line":48,"column":4},"end":{"line":50,"column":null}},"type":"if","locations":[{"start":{"line":48,"column":4},"end":{"line":50,"column":null}},{"start":{},"end":{}}],"line":48},"5":{"loc":{"start":{"line":53,"column":4},"end":{"line":55,"column":null}},"type":"if","locations":[{"start":{"line":53,"column":4},"end":{"line":55,"column":null}},{"start":{},"end":{}}],"line":53},"6":{"loc":{"start":{"line":76,"column":2},"end":{"line":76,"column":null}},"type":"if","locations":[{"start":{"line":76,"column":2},"end":{"line":76,"column":null}},{"start":{},"end":{}}],"line":76},"7":{"loc":{"start":{"line":76,"column":6},"end":{"line":76,"column":47}},"type":"binary-expr","locations":[{"start":{"line":76,"column":6},"end":{"line":76,"column":22}},{"start":{"line":76,"column":26},"end":{"line":76,"column":47}}],"line":76},"8":{"loc":{"start":{"line":77,"column":2},"end":{"line":77,"column":null}},"type":"if","locations":[{"start":{"line":77,"column":2},"end":{"line":77,"column":null}},{"start":{},"end":{}}],"line":77},"9":{"loc":{"start":{"line":99,"column":4},"end":{"line":103,"column":null}},"type":"if","locations":[{"start":{"line":99,"column":4},"end":{"line":103,"column":null}},{"start":{},"end":{}}],"line":99},"10":{"loc":{"start":{"line":99,"column":8},"end":{"line":99,"column":46}},"type":"binary-expr","locations":[{"start":{"line":99,"column":8},"end":{"line":99,"column":15}},{"start":{"line":99,"column":19},"end":{"line":99,"column":46}}],"line":99},"11":{"loc":{"start":{"line":125,"column":26},"end":{"line":125,"column":36}},"type":"default-arg","locations":[{"start":{"line":125,"column":32},"end":{"line":125,"column":36}}],"line":125},"12":{"loc":{"start":{"line":129,"column":16},"end":{"line":129,"column":36}},"type":"binary-expr","locations":[{"start":{"line":129,"column":16},"end":{"line":129,"column":19}},{"start":{"line":129,"column":23},"end":{"line":129,"column":36}}],"line":129},"13":{"loc":{"start":{"line":131,"column":6},"end":{"line":134,"column":null}},"type":"binary-expr","locations":[{"start":{"line":131,"column":6},"end":{"line":131,"column":50}},{"start":{"line":132,"column":6},"end":{"line":132,"column":42}},{"start":{"line":133,"column":6},"end":{"line":133,"column":48}},{"start":{"line":134,"column":6},"end":{"line":134,"column":null}}],"line":131},"14":{"loc":{"start":{"line":152,"column":4},"end":{"line":155,"column":null}},"type":"if","locations":[{"start":{"line":152,"column":4},"end":{"line":155,"column":null}},{"start":{},"end":{}}],"line":152}},"s":{"0":2,"1":12,"2":12,"3":12,"4":11,"5":11,"6":7,"7":11,"8":4,"9":11,"10":3,"11":1,"12":0,"13":12,"14":14,"15":12,"16":12,"17":1,"18":11,"19":10,"20":1,"21":1,"22":0,"23":11,"24":11,"25":11,"26":33,"27":11,"28":17,"29":11,"30":33,"31":95,"32":1,"33":1,"34":1,"35":1,"36":1,"37":0,"38":12,"39":12,"40":12,"41":322,"42":322,"43":322,"44":322,"45":12},"f":{"0":12,"1":14,"2":12,"3":11,"4":33,"5":95,"6":1,"7":12},"b":{"0":[12],"1":[11,1],"2":[7,4],"3":[4,7],"4":[3,8],"5":[0,1],"6":[1,11],"7":[12,11],"8":[10,1],"9":[11,22],"10":[33,11],"11":[1],"12":[1,1],"13":[1,1,1,1],"14":[322,0]},"meta":{"lastBranch":15,"lastFunction":8,"lastStatement":46,"seen":{"s:14:31:19:1":0,"f:30:16:30:30":0,"b:30:57:30:61":0,"s:31:26:31:28":1,"s:32:14:32:50":2,"b:34:2:56:Infinity:51:9:56:Infinity":1,"s:34:2:56:Infinity":3,"s:35:20:35:39":4,"b:38:4:40:Infinity:undefined:undefined:undefined:undefined":2,"s:38:4:40:Infinity":5,"s:39:6:39:Infinity":6,"b:43:4:45:Infinity:undefined:undefined:undefined:undefined":3,"s:43:4:45:Infinity":7,"s:44:6:44:Infinity":8,"b:48:4:50:Infinity:undefined:undefined:undefined:undefined":4,"s:48:4:50:Infinity":9,"s:49:6:49:Infinity":10,"b:53:4:55:Infinity:undefined:undefined:undefined:undefined":5,"s:53:4:55:Infinity":11,"s:54:6:54:Infinity":12,"s:59:19:61:3":13,"f:60:28:60:29":1,"s:60:40:60:63":14,"s:63:2:63:Infinity":15,"f:75:9:75:25":2,"b:76:2:76:Infinity:undefined:undefined:undefined:undefined":6,"s:76:2:76:Infinity":16,"b:76:6:76:22:76:26:76:47":7,"s:76:49:76:Infinity":17,"b:77:2:77:Infinity:undefined:undefined:undefined:undefined":8,"s:77:2:77:Infinity":18,"s:77:35:77:Infinity":19,"s:78:2:82:Infinity":20,"s:79:4:79:Infinity":21,"s:81:4:81:Infinity":22,"f:91:9:91:23":3,"s:92:19:96:3":23,"s:97:16:97:25":24,"s:98:2:104:Infinity":25,"b:99:4:103:Infinity:undefined:undefined:undefined:undefined":9,"s:99:4:103:Infinity":26,"b:99:8:99:15:99:19:99:46":10,"s:100:6:102:Infinity":27,"s:101:8:101:Infinity":28,"s:105:2:105:Infinity":29,"f:115:9:115:15":4,"s:116:2:116:Infinity":30,"f:116:25:116:26":5,"s:116:35:116:49":31,"f:125:9:125:25":6,"b:125:32:125:36":11,"s:126:2:138:Infinity":32,"s:127:27:127:40":33,"s:128:24:128:39":34,"s:129:16:129:36":35,"b:129:16:129:19:129:23:129:36":12,"s:130:4:135:Infinity":36,"b:131:6:131:50:132:6:132:42:133:6:133:48:134:6:134:Infinity":13,"s:137:4:137:Infinity":37,"f:147:9:147:25":7,"s:148:15:148:24":38,"s:149:17:149:19":39,"s:150:2:156:Infinity":40,"s:151:16:151:26":41,"b:152:4:155:Infinity:undefined:undefined:undefined:undefined":14,"s:152:4:155:Infinity":42,"s:153:6:153:Infinity":43,"s:154:6:154:Infinity":44,"s:157:2:157:Infinity":45}}}
,"/Volumes/AI-Models/tokenshrink/sdk/src/domains/node.js": {"path":"/Volumes/AI-Models/tokenshrink/sdk/src/domains/node.js","statementMap":{"0":{"start":{"line":10,"column":26},"end":{"line":39,"column":1}}},"fnMap":{},"branchMap":{},"s":{"0":2},"f":{},"b":{},"meta":{"lastBranch":0,"lastFunction":0,"lastStatement":1,"seen":{"s:10:26:39:1":0}}}
,"/Volumes/AI-Models/tokenshrink/sdk/src/domains/python.js": {"path":"/Volumes/AI-Models/tokenshrink/sdk/src/domains/python.js","statementMap":{"0":{"start":{"line":10,"column":28},"end":{"line":39,"column":1}}},"fnMap":{},"branchMap":{},"s":{"0":2},"f":{},"b":{},"meta":{"lastBranch":0,"lastFunction":0,"lastStatement":1,"seen":{"s:10:28:39:1":0}}}
,"/Volumes/AI-Models/tokenshrink/sdk/src/domains/react.js": {"path":"/Volumes/AI-Models/tokenshrink/sdk/src/domains/react.js","statementMap":{"0":{"start":{"line":10,"column":27},"end":{"line":41,"column":1}}},"fnMap":{},"branchMap":{},"s":{"0":2},"f":{},"b":{},"meta":{"lastBranch":0,"lastFunction":0,"lastStatement":1,"seen":{"s:10:27:41:1":0}}}
,"/Volumes/AI-Models/tokenshrink/sdk/src/domains/supabase.js": {"path":"/Volumes/AI-Models/tokenshrink/sdk/src/domains/supabase.js","statementMap":{"0":{"start":{"line":10,"column":30},"end":{"line":40,"column":1}}},"fnMap":{},"branchMap":{},"s":{"0":2},"f":{},"b":{},"meta":{"lastBranch":0,"lastFunction":0,"lastStatement":1,"seen":{"s:10:30:40:1":0}}}
}
